<?xml version="1.0" encoding="utf-8"?>
<TestRun id="787193c7-cdf1-4f6f-864d-348dbbc7f1b6" name="jerem@JEREMIASZ 2026-05-28 19:09:10" runUser="JEREMIASZ\jerem" xmlns="http://microsoft.com/schemas/VisualStudio/TeamTest/2010">
  <Times creation="2026-05-28T19:09:10.6209540+02:00" queuing="2026-05-28T19:09:10.6209544+02:00" start="2026-05-28T19:09:09.8118677+02:00" finish="2026-05-28T19:09:10.7964906+02:00" />
  <TestSettings name="default" id="1734c8ba-dc81-44e1-9bd8-fd514b81ba00">
    <Deployment runDeploymentRoot="jerem_JEREMIASZ_2026-05-28_19_09_10" />
  </TestSettings>
  <Results>
    <UnitTestResult executionId="11dd8d2d-74ac-4a65-87f8-d6708f3378e8" testId="a00fdc67-2612-f56f-4ede-1193adf41745" testName="LibraryProject.Application.Tests.Authentication.AuthenticationServiceTests+LoginAsync.Should_throw_when_password_is_wrong" computerName="JEREMIASZ" duration="00:00:00.0222180" startTime="2026-05-28T19:09:10.6895370+02:00" endTime="2026-05-28T19:09:10.7117670+02:00" testType="13cdc9d9-ddb5-4fa4-a97d-d965ccfc6d4b" outcome="Passed" testListId="8c84fa94-04c1-424b-9868-57a2d4851a1d" relativeResultsDirectory="11dd8d2d-74ac-4a65-87f8-d6708f3378e8" />
    <UnitTestResult executionId="2d34cd9a-3de5-4ad3-b029-e394b828c0a2" testId="408fcedd-a11a-4b0b-f3a7-ed6d6b6da68b" testName="LibraryProject.Application.Tests.Reservations.ReservationServiceTests+GetAllAsync.Should_return_all_reservations_paginated" computerName="JEREMIASZ" duration="00:00:00.1239099" startTime="2026-05-28T19:09:10.5924919+02:00" endTime="2026-05-28T19:09:10.6624787+02:00" testType="13cdc9d9-ddb5-4fa4-a97d-d965ccfc6d4b" outcome="Passed" testListId="8c84fa94-04c1-424b-9868-57a2d4851a1d" relativeResultsDirectory="2d34cd9a-3de5-4ad3-b029-e394b828c0a2" />
    <UnitTestResult executionId="589118a2-57c2-4db2-856b-c896b8b274f6" testId="0a09d9e2-baff-24ef-f5f0-641b726a60da" testName="LibraryProject.Application.Tests.Books.BookServiceTests+GetAsync.Should_return_empty_when_no_books" computerName="JEREMIASZ" duration="00:00:00.0016923" startTime="2026-05-28T19:09:10.6769424+02:00" endTime="2026-05-28T19:09:10.6792195+02:00" testType="13cdc9d9-ddb5-4fa4-a97d-d965ccfc6d4b" outcome="Passed" testListId="8c84fa94-04c1-424b-9868-57a2d4851a1d" relativeResultsDirectory="589118a2-57c2-4db2-856b-c896b8b274f6" />
    <UnitTestResult executionId="43d5ca8d-5755-4030-8680-419c39e6293b" testId="11fdf439-0730-40e2-658d-4994e7ffe1a9" testName="LibraryProject.Application.Tests.Common.GuardTests+Required.Should_throw_when_value_exceeds_max_length" computerName="JEREMIASZ" duration="00:00:00.0004823" startTime="2026-05-28T19:09:10.6653698+02:00" endTime="2026-05-28T19:09:10.6655884+02:00" testType="13cdc9d9-ddb5-4fa4-a97d-d965ccfc6d4b" outcome="Passed" testListId="8c84fa94-04c1-424b-9868-57a2d4851a1d" relativeResultsDirectory="43d5ca8d-5755-4030-8680-419c39e6293b" />
    <UnitTestResult executionId="e30bb19e-425c-4ba4-a424-7c930745a864" testId="8b5051b3-9661-6ddb-0024-9c6b3439c1cd" testName="LibraryProject.Application.Tests.Reservations.ReservationServiceTests+FulfillAsync.Should_throw_when_reservation_not_found" computerName="JEREMIASZ" duration="00:00:00.0013145" startTime="2026-05-28T19:09:10.7268525+02:00" endTime="2026-05-28T19:09:10.7281333+02:00" testType="13cdc9d9-ddb5-4fa4-a97d-d965ccfc6d4b" outcome="Passed" testListId="8c84fa94-04c1-424b-9868-57a2d4851a1d" relativeResultsDirectory="e30bb19e-425c-4ba4-a424-7c930745a864" />
    <UnitTestResult executionId="a1baf4c4-278f-447f-8606-adb7663d0152" testId="794586b3-703a-99d1-b5e3-f29eff1a589a" testName="LibraryProject.Application.Tests.Reservations.ReservationServiceTests+CreateAsync.Should_throw_when_active_reservation_exists" computerName="JEREMIASZ" duration="00:00:00.0020940" startTime="2026-05-28T19:09:10.6923013+02:00" endTime="2026-05-28T19:09:10.6977929+02:00" testType="13cdc9d9-ddb5-4fa4-a97d-d965ccfc6d4b" outcome="Passed" testListId="8c84fa94-04c1-424b-9868-57a2d4851a1d" relativeResultsDirectory="a1baf4c4-278f-447f-8606-adb7663d0152" />
    <UnitTestResult executionId="13c252e8-c263-412a-8181-93991780269e" testId="17ae87d1-3f61-2f19-dbcf-41885b81eace" testName="LibraryProject.Application.Tests.Domain.ReservationEntityTests.Fulfill_should_change_status_to_fulfilled" computerName="JEREMIASZ" duration="00:00:00.0001116" startTime="2026-05-28T19:09:10.7169661+02:00" endTime="2026-05-28T19:09:10.7170099+02:00" testType="13cdc9d9-ddb5-4fa4-a97d-d965ccfc6d4b" outcome="Passed" testListId="8c84fa94-04c1-424b-9868-57a2d4851a1d" relativeResultsDirectory="13c252e8-c263-412a-8181-93991780269e" />
    <UnitTestResult executionId="d3117b4c-3dcb-4510-bf46-44e988d5e8bd" testId="0f917ab9-04d8-b99c-774b-16d993e70730" testName="LibraryProject.Application.Tests.Loans.LoanServiceTests+GetByIdAsync.Should_return_loan_when_user_is_librarian" computerName="JEREMIASZ" duration="00:00:00.0006477" startTime="2026-05-28T19:09:10.7307765+02:00" endTime="2026-05-28T19:09:10.7313471+02:00" testType="13cdc9d9-ddb5-4fa4-a97d-d965ccfc6d4b" outcome="Passed" testListId="8c84fa94-04c1-424b-9868-57a2d4851a1d" relativeResultsDirectory="d3117b4c-3dcb-4510-bf46-44e988d5e8bd" />
    <UnitTestResult executionId="c26d01a8-fad0-4c6e-9635-2016d876df33" testId="ce647906-2693-f933-5789-05a867409910" testName="LibraryProject.Application.Tests.Domain.ReservationEntityTests.Fulfill_should_throw_when_not_active(status: Fulfilled)" computerName="JEREMIASZ" duration="00:00:00.0001555" startTime="2026-05-28T19:09:10.7166063+02:00" endTime="2026-05-28T19:09:10.7166802+02:00" testType="13cdc9d9-ddb5-4fa4-a97d-d965ccfc6d4b" outcome="Passed" testListId="8c84fa94-04c1-424b-9868-57a2d4851a1d" relativeResultsDirectory="c26d01a8-fad0-4c6e-9635-2016d876df33" />
    <UnitTestResult executionId="eeb80111-8c7f-41cc-b54b-a326999ad9ed" testId="59853345-41c0-3710-4076-ae2cf5186b07" testName="LibraryProject.Application.Tests.Common.GuardTests+Required.Should_trim_and_return_value(input: &quot;hello&quot;)" computerName="JEREMIASZ" duration="00:00:00.0001830" startTime="2026-05-28T19:09:10.6631532+02:00" endTime="2026-05-28T19:09:10.6632690+02:00" testType="13cdc9d9-ddb5-4fa4-a97d-d965ccfc6d4b" outcome="Passed" testListId="8c84fa94-04c1-424b-9868-57a2d4851a1d" relativeResultsDirectory="eeb80111-8c7f-41cc-b54b-a326999ad9ed" />
    <UnitTestResult executionId="015325b8-1cf5-46f3-90c0-59def5d6df72" testId="185fcaf0-91f9-6a74-3efd-3e520339193e" testName="LibraryProject.Application.Tests.Domain.ReservationEntityTests.Create_with_default_deadline_should_set_properties" computerName="JEREMIASZ" duration="00:00:00.0003049" startTime="2026-05-28T19:09:10.7225970+02:00" endTime="2026-05-28T19:09:10.7226528+02:00" testType="13cdc9d9-ddb5-4fa4-a97d-d965ccfc6d4b" outcome="Passed" testListId="8c84fa94-04c1-424b-9868-57a2d4851a1d" relativeResultsDirectory="015325b8-1cf5-46f3-90c0-59def5d6df72" />
    <UnitTestResult executionId="d22efe65-1d48-43d2-8ebf-1af6cf4c7b1f" testId="df7bc8e2-67e0-c7a7-8b5f-662cb9ee8072" testName="LibraryProject.Application.Tests.Reservations.ReservationServiceTests+GetByIdAsync.Should_return_reservation_when_user_is_librarian" computerName="JEREMIASZ" duration="00:00:00.0014959" startTime="2026-05-28T19:09:10.7049006+02:00" endTime="2026-05-28T19:09:10.7056976+02:00" testType="13cdc9d9-ddb5-4fa4-a97d-d965ccfc6d4b" outcome="Passed" testListId="8c84fa94-04c1-424b-9868-57a2d4851a1d" relativeResultsDirectory="d22efe65-1d48-43d2-8ebf-1af6cf4c7b1f" />
    <UnitTestResult executionId="587f39f3-499f-40d3-8589-f7a8661df888" testId="cfc55173-7a56-9715-3377-bd041ce5992f" testName="LibraryProject.Application.Tests.Books.BookServiceTests+UpdateAsync.Should_throw_when_inventory_numbers_duplicate_globally" computerName="JEREMIASZ" duration="00:00:00.0059833" startTime="2026-05-28T19:09:10.6855286+02:00" endTime="2026-05-28T19:09:10.6915151+02:00" testType="13cdc9d9-ddb5-4fa4-a97d-d965ccfc6d4b" outcome="Passed" testListId="8c84fa94-04c1-424b-9868-57a2d4851a1d" relativeResultsDirectory="587f39f3-499f-40d3-8589-f7a8661df888" />
    <UnitTestResult executionId="cf6e7a1d-a4f5-4c52-bf54-876845e8b9e8" testId="62dff2b8-a098-b9c6-f1c4-19510b69ce89" testName="LibraryProject.Application.Tests.Reservations.ReservationServiceTests+GetByIdAsync.Should_throw_when_reservation_not_found" computerName="JEREMIASZ" duration="00:00:00.0011752" startTime="2026-05-28T19:09:10.7064507+02:00" endTime="2026-05-28T19:09:10.7066988+02:00" testType="13cdc9d9-ddb5-4fa4-a97d-d965ccfc6d4b" outcome="Passed" testListId="8c84fa94-04c1-424b-9868-57a2d4851a1d" relativeResultsDirectory="cf6e7a1d-a4f5-4c52-bf54-876845e8b9e8" />
    <UnitTestResult executionId="20c24d88-04b3-4813-9c8d-254336b4306f" testId="1583c247-5cf9-933b-8125-ec24ece3d53c" testName="LibraryProject.Application.Tests.Loans.LoanServiceTests+ReturnAsync.Should_throw_when_user_does_not_own_loan" computerName="JEREMIASZ" duration="00:00:00.0052330" startTime="2026-05-28T19:09:10.6756088+02:00" endTime="2026-05-28T19:09:10.6768719+02:00" testType="13cdc9d9-ddb5-4fa4-a97d-d965ccfc6d4b" outcome="Passed" testListId="8c84fa94-04c1-424b-9868-57a2d4851a1d" relativeResultsDirectory="20c24d88-04b3-4813-9c8d-254336b4306f" />
    <UnitTestResult executionId="c918140d-0900-424a-81e5-03f111d8d67f" testId="a69a75df-df16-782a-140c-f5bb9f50af5d" testName="LibraryProject.Application.Tests.Domain.BookEntityTests.Create_should_throw_when_author_is_null" computerName="JEREMIASZ" duration="00:00:00.0019435" startTime="2026-05-28T19:09:10.6655049+02:00" endTime="2026-05-28T19:09:10.6671324+02:00" testType="13cdc9d9-ddb5-4fa4-a97d-d965ccfc6d4b" outcome="Passed" testListId="8c84fa94-04c1-424b-9868-57a2d4851a1d" relativeResultsDirectory="c918140d-0900-424a-81e5-03f111d8d67f" />
    <UnitTestResult executionId="21ea46c4-15b1-424d-b67f-83fd7a818830" testId="82f17e68-1157-b3b4-9c93-542b8cbb52f1" testName="LibraryProject.Application.Tests.Loans.LoanServiceTests+ReturnAsync.Should_return_loan_when_librarian_returns_for_user" computerName="JEREMIASZ" duration="00:00:00.0027649" startTime="2026-05-28T19:09:10.6693196+02:00" endTime="2026-05-28T19:09:10.6714426+02:00" testType="13cdc9d9-ddb5-4fa4-a97d-d965ccfc6d4b" outcome="Passed" testListId="8c84fa94-04c1-424b-9868-57a2d4851a1d" relativeResultsDirectory="21ea46c4-15b1-424d-b67f-83fd7a818830" />
    <UnitTestResult executionId="c27cf248-ebb9-4312-9ef1-cd45af5fa876" testId="535af7cd-6892-ddb6-fb1c-d9c484aec45a" testName="LibraryProject.Application.Tests.Books.BookServiceTests+DeleteAsync.Should_throw_when_book_not_found" computerName="JEREMIASZ" duration="00:00:00.0022587" startTime="2026-05-28T19:09:10.6628451+02:00" endTime="2026-05-28T19:09:10.6651213+02:00" testType="13cdc9d9-ddb5-4fa4-a97d-d965ccfc6d4b" outcome="Passed" testListId="8c84fa94-04c1-424b-9868-57a2d4851a1d" relativeResultsDirectory="c27cf248-ebb9-4312-9ef1-cd45af5fa876" />
    <UnitTestResult executionId="3a20564f-7a2d-403b-94ba-f8c4239e3641" testId="344c71c2-266d-683c-8f48-4701c923bc54" testName="LibraryProject.Application.Tests.Common.DomainOperationTests.Execute_with_func_should_wrap_DomainException_into_DomainRuleViolationException" computerName="JEREMIASZ" duration="00:00:00.0006204" startTime="2026-05-28T19:09:10.5880332+02:00" endTime="2026-05-28T19:09:10.5893304+02:00" testType="13cdc9d9-ddb5-4fa4-a97d-d965ccfc6d4b" outcome="Passed" testListId="8c84fa94-04c1-424b-9868-57a2d4851a1d" relativeResultsDirectory="3a20564f-7a2d-403b-94ba-f8c4239e3641" />
    <UnitTestResult executionId="111f9f21-44ef-4ff8-86c5-ce935df6c1e8" testId="936d9f59-01b1-446f-7b10-9b9fb9d7212d" testName="LibraryProject.Application.Tests.Domain.IsbnValueObjectTests.Create_should_return_isbn_with_value" computerName="JEREMIASZ" duration="00:00:00.0136216" startTime="2026-05-28T19:09:10.5101522+02:00" endTime="2026-05-28T19:09:10.5325832+02:00" testType="13cdc9d9-ddb5-4fa4-a97d-d965ccfc6d4b" outcome="Passed" testListId="8c84fa94-04c1-424b-9868-57a2d4851a1d" relativeResultsDirectory="111f9f21-44ef-4ff8-86c5-ce935df6c1e8" />
    <UnitTestResult executionId="5c7f23a8-7d58-4636-aa80-bbaf648c682d" testId="3870fdc8-5015-f5b9-9832-91b1e21e1327" testName="LibraryProject.Application.Tests.Common.GuardTests+ErrorFactoryMethods.RequiredError_should_return_DomainValidationException" computerName="JEREMIASZ" duration="00:00:00.0001829" startTime="2026-05-28T19:09:10.5870205+02:00" endTime="2026-05-28T19:09:10.5870862+02:00" testType="13cdc9d9-ddb5-4fa4-a97d-d965ccfc6d4b" outcome="Passed" testListId="8c84fa94-04c1-424b-9868-57a2d4851a1d" relativeResultsDirectory="5c7f23a8-7d58-4636-aa80-bbaf648c682d" />
    <UnitTestResult executionId="92e4aec9-327d-4297-8b5d-549bb9969955" testId="027ecf3a-d1ce-0217-0311-d30b949ac187" testName="LibraryProject.Application.Tests.Common.GuardTests+Required.Should_throw_when_value_is_null" computerName="JEREMIASZ" duration="00:00:00.0005639" startTime="2026-05-28T19:09:10.6647487+02:00" endTime="2026-05-28T19:09:10.6648085+02:00" testType="13cdc9d9-ddb5-4fa4-a97d-d965ccfc6d4b" outcome="Passed" testListId="8c84fa94-04c1-424b-9868-57a2d4851a1d" relativeResultsDirectory="92e4aec9-327d-4297-8b5d-549bb9969955" />
    <UnitTestResult executionId="5ecb77dd-c8d0-4d19-93cc-9d7e5402d9f7" testId="dc70d5b4-0313-b596-ef8d-c8d86aa247a6" testName="LibraryProject.Application.Tests.Domain.BookEntityTests.AddCopy_should_throw_when_duplicate_inventory_number" computerName="JEREMIASZ" duration="00:00:00.0010957" startTime="2026-05-28T19:09:10.6672944+02:00" endTime="2026-05-28T19:09:10.6682821+02:00" testType="13cdc9d9-ddb5-4fa4-a97d-d965ccfc6d4b" outcome="Passed" testListId="8c84fa94-04c1-424b-9868-57a2d4851a1d" relativeResultsDirectory="5ecb77dd-c8d0-4d19-93cc-9d7e5402d9f7" />
    <UnitTestResult executionId="d05c7cb2-6e7c-42a3-801e-27eaa023523b" testId="5078c9e5-c295-ece5-cbe9-658d0e520b62" testName="LibraryProject.Application.Tests.Domain.LoanEntityTests.Return_should_call_MakeAvailable_on_book_copy" computerName="JEREMIASZ" duration="00:00:00.0002069" startTime="2026-05-28T19:09:10.6893169+02:00" endTime="2026-05-28T19:09:10.6893635+02:00" testType="13cdc9d9-ddb5-4fa4-a97d-d965ccfc6d4b" outcome="Passed" testListId="8c84fa94-04c1-424b-9868-57a2d4851a1d" relativeResultsDirectory="d05c7cb2-6e7c-42a3-801e-27eaa023523b" />
    <UnitTestResult executionId="fced4f17-9bcb-4078-9df2-43e3f9527371" testId="a2928138-37b8-71c0-687b-12b054e170c3" testName="LibraryProject.Application.Tests.Loans.LoanServiceTests+GetMyLoansAsync.Should_return_empty_when_no_loans" computerName="JEREMIASZ" duration="00:00:00.0015756" startTime="2026-05-28T19:09:10.7245039+02:00" endTime="2026-05-28T19:09:10.7264467+02:00" testType="13cdc9d9-ddb5-4fa4-a97d-d965ccfc6d4b" outcome="Passed" testListId="8c84fa94-04c1-424b-9868-57a2d4851a1d" relativeResultsDirectory="fced4f17-9bcb-4078-9df2-43e3f9527371" />
    <UnitTestResult executionId="5cf0da43-6783-476d-8ecf-0743e2c120da" testId="03408107-04ae-d79d-70a0-a2d27dd5e8d7" testName="LibraryProject.Application.Tests.Reservations.ReservationServiceTests+CreateAsync.Should_create_reservation" computerName="JEREMIASZ" duration="00:00:00.0099457" startTime="2026-05-28T19:09:10.6801466+02:00" endTime="2026-05-28T19:09:10.6900304+02:00" testType="13cdc9d9-ddb5-4fa4-a97d-d965ccfc6d4b" outcome="Passed" testListId="8c84fa94-04c1-424b-9868-57a2d4851a1d" relativeResultsDirectory="5cf0da43-6783-476d-8ecf-0743e2c120da" />
    <UnitTestResult executionId="2495ac9c-9743-4833-8a76-ea29fc5ff2e2" testId="5e27fa8f-7855-62f6-d64c-a73a24a27078" testName="LibraryProject.Application.Tests.Domain.LoanEntityTests.Return_should_set_status_to_returned_and_set_return_date" computerName="JEREMIASZ" duration="00:00:00.0003039" startTime="2026-05-28T19:09:10.6881296+02:00" endTime="2026-05-28T19:09:10.6883112+02:00" testType="13cdc9d9-ddb5-4fa4-a97d-d965ccfc6d4b" outcome="Passed" testListId="8c84fa94-04c1-424b-9868-57a2d4851a1d" relativeResultsDirectory="2495ac9c-9743-4833-8a76-ea29fc5ff2e2" />
    <UnitTestResult executionId="ede7d0b1-b082-4553-9e29-3e25f5423d98" testId="80beff9f-1cb8-ae34-75b8-d72efe958f4f" testName="LibraryProject.Application.Tests.Domain.BookCopyEntityTests.Create_should_throw_when_inventory_number_is_null" computerName="JEREMIASZ" duration="00:00:00.0005795" startTime="2026-05-28T19:09:10.7058059+02:00" endTime="2026-05-28T19:09:10.7065136+02:00" testType="13cdc9d9-ddb5-4fa4-a97d-d965ccfc6d4b" outcome="Passed" testListId="8c84fa94-04c1-424b-9868-57a2d4851a1d" relativeResultsDirectory="ede7d0b1-b082-4553-9e29-3e25f5423d98" />
    <UnitTestResult executionId="b4afcfb0-e6ba-4911-a34b-b1814b5989bd" testId="52f2027e-63e4-3626-d664-fdc01825d3da" testName="LibraryProject.Application.Tests.Loans.LoanServiceTests+ReturnAsync.Should_throw_when_reader_returns_own_loan" computerName="JEREMIASZ" duration="00:00:00.0015014" startTime="2026-05-28T19:09:10.6770344+02:00" endTime="2026-05-28T19:09:10.6789722+02:00" testType="13cdc9d9-ddb5-4fa4-a97d-d965ccfc6d4b" outcome="Passed" testListId="8c84fa94-04c1-424b-9868-57a2d4851a1d" relativeResultsDirectory="b4afcfb0-e6ba-4911-a34b-b1814b5989bd" />
    <UnitTestResult executionId="ee39702e-f6fb-4cc1-98fa-f6a9f3a98b59" testId="ccd18f33-9a20-96df-932c-5f974bd6d3a2" testName="LibraryProject.Application.Tests.Common.GuardTests+Required.Should_throw_when_value_is_whitespace" computerName="JEREMIASZ" duration="00:00:00.0006440" startTime="2026-05-28T19:09:10.6633959+02:00" endTime="2026-05-28T19:09:10.6639794+02:00" testType="13cdc9d9-ddb5-4fa4-a97d-d965ccfc6d4b" outcome="Passed" testListId="8c84fa94-04c1-424b-9868-57a2d4851a1d" relativeResultsDirectory="ee39702e-f6fb-4cc1-98fa-f6a9f3a98b59" />
    <UnitTestResult executionId="d8b49838-1a5d-4993-bd56-efb23ff99e13" testId="4061f785-3534-c477-796c-dc3286e05a13" testName="LibraryProject.Application.Tests.Domain.ReservationEntityTests.Cancel_should_change_status_to_cancelled" computerName="JEREMIASZ" duration="00:00:00.0001321" startTime="2026-05-28T19:09:10.7168084+02:00" endTime="2026-05-28T19:09:10.7168541+02:00" testType="13cdc9d9-ddb5-4fa4-a97d-d965ccfc6d4b" outcome="Passed" testListId="8c84fa94-04c1-424b-9868-57a2d4851a1d" relativeResultsDirectory="d8b49838-1a5d-4993-bd56-efb23ff99e13" />
    <UnitTestResult executionId="5f437f42-13ee-47aa-ab81-067e35696618" testId="5e72d6dc-4947-867f-7e55-2b8ececf47b2" testName="LibraryProject.Application.Tests.Domain.BookEntityTests.Create_should_set_properties" computerName="JEREMIASZ" duration="00:00:00.0081555" startTime="2026-05-28T19:09:10.6694975+02:00" endTime="2026-05-28T19:09:10.6775533+02:00" testType="13cdc9d9-ddb5-4fa4-a97d-d965ccfc6d4b" outcome="Passed" testListId="8c84fa94-04c1-424b-9868-57a2d4851a1d" relativeResultsDirectory="5f437f42-13ee-47aa-ab81-067e35696618" />
    <UnitTestResult executionId="afd8490d-a6cb-4625-93ee-2d85d9209372" testId="7d61d8ea-f955-29c7-e0fa-4551be713654" testName="LibraryProject.Application.Tests.Domain.LoanEntityTests.Create_should_set_properties_and_status_active" computerName="JEREMIASZ" duration="00:00:00.0027425" startTime="2026-05-28T19:09:10.6853514+02:00" endTime="2026-05-28T19:09:10.6879642+02:00" testType="13cdc9d9-ddb5-4fa4-a97d-d965ccfc6d4b" outcome="Passed" testListId="8c84fa94-04c1-424b-9868-57a2d4851a1d" relativeResultsDirectory="afd8490d-a6cb-4625-93ee-2d85d9209372" />
    <UnitTestResult executionId="e88360cd-744b-4294-90b3-84a157e8c6c9" testId="7678f55b-c9b2-6f4e-9dfe-2f8ed3d92751" testName="LibraryProject.Application.Tests.Domain.BookEntityTests.AddCopy_should_add_copy_to_collection" computerName="JEREMIASZ" duration="00:00:00.0017817" startTime="2026-05-28T19:09:10.6825744+02:00" endTime="2026-05-28T19:09:10.6836906+02:00" testType="13cdc9d9-ddb5-4fa4-a97d-d965ccfc6d4b" outcome="Passed" testListId="8c84fa94-04c1-424b-9868-57a2d4851a1d" relativeResultsDirectory="e88360cd-744b-4294-90b3-84a157e8c6c9" />
    <UnitTestResult executionId="cb7c862c-0696-4222-9e76-15c6ee5ee4d1" testId="295a36f8-8bca-b1bc-ab49-0930e7ab50d2" testName="LibraryProject.Application.Tests.Domain.ReservationEntityTests.Cancel_should_throw_when_not_active(status: Cancelled)" computerName="JEREMIASZ" duration="00:00:00.0003086" startTime="2026-05-28T19:09:10.7157592+02:00" endTime="2026-05-28T19:09:10.7158041+02:00" testType="13cdc9d9-ddb5-4fa4-a97d-d965ccfc6d4b" outcome="Passed" testListId="8c84fa94-04c1-424b-9868-57a2d4851a1d" relativeResultsDirectory="cb7c862c-0696-4222-9e76-15c6ee5ee4d1" />
    <UnitTestResult executionId="c24ca354-49ee-4f9c-ac2d-c4680e9a7ff5" testId="a34fb800-b285-6171-8812-da63da5089d3" testName="LibraryProject.Application.Tests.Domain.ReservationEntityTests.Cancel_should_throw_when_not_active(status: Fulfilled)" computerName="JEREMIASZ" duration="00:00:00.0013508" startTime="2026-05-28T19:09:10.7134284+02:00" endTime="2026-05-28T19:09:10.7147370+02:00" testType="13cdc9d9-ddb5-4fa4-a97d-d965ccfc6d4b" outcome="Passed" testListId="8c84fa94-04c1-424b-9868-57a2d4851a1d" relativeResultsDirectory="c24ca354-49ee-4f9c-ac2d-c4680e9a7ff5" />
    <UnitTestResult executionId="fbe7d86d-54ed-4ed7-9796-530ee7fbff0d" testId="7b66142c-c7db-0aa5-c70f-c1763c39a61d" testName="LibraryProject.Application.Tests.Domain.BookCopyEntityTests.Create_should_set_inventory_number_and_status_available" computerName="JEREMIASZ" duration="00:00:00.0001466" startTime="2026-05-28T19:09:10.7054170+02:00" endTime="2026-05-28T19:09:10.7055734+02:00" testType="13cdc9d9-ddb5-4fa4-a97d-d965ccfc6d4b" outcome="Passed" testListId="8c84fa94-04c1-424b-9868-57a2d4851a1d" relativeResultsDirectory="fbe7d86d-54ed-4ed7-9796-530ee7fbff0d" />
    <UnitTestResult executionId="233a147e-593e-46c6-a63f-e74254cc76e3" testId="1aff0200-6566-c6e0-8625-a205d10826b2" testName="LibraryProject.Application.Tests.Common.DomainOperationTests.Execute_with_func_should_return_result_when_no_exception" computerName="JEREMIASZ" duration="00:00:00.0013682" startTime="2026-05-28T19:09:10.5471257+02:00" endTime="2026-05-28T19:09:10.5875920+02:00" testType="13cdc9d9-ddb5-4fa4-a97d-d965ccfc6d4b" outcome="Passed" testListId="8c84fa94-04c1-424b-9868-57a2d4851a1d" relativeResultsDirectory="233a147e-593e-46c6-a63f-e74254cc76e3" />
    <UnitTestResult executionId="fe5cf76c-3b02-4ffd-a37c-36b0de686b36" testId="c86ea148-5fc3-229c-dfdd-d5d3653e8604" testName="LibraryProject.Application.Tests.Books.BookServiceTests+UpdateAsync.Should_throw_when_book_not_found" computerName="JEREMIASZ" duration="00:00:00.0035529" startTime="2026-05-28T19:09:10.6824098+02:00" endTime="2026-05-28T19:09:10.6854014+02:00" testType="13cdc9d9-ddb5-4fa4-a97d-d965ccfc6d4b" outcome="Passed" testListId="8c84fa94-04c1-424b-9868-57a2d4851a1d" relativeResultsDirectory="fe5cf76c-3b02-4ffd-a37c-36b0de686b36" />
    <UnitTestResult executionId="9e8b37d1-828c-40f2-aca5-c9afdd6864ff" testId="afb036ea-ef1f-c75e-de31-7163481891d5" testName="LibraryProject.Application.Tests.Domain.BookEntityTests.Delete_should_mark_as_deleted" computerName="JEREMIASZ" duration="00:00:00.0025637" startTime="2026-05-28T19:09:10.6790205+02:00" endTime="2026-05-28T19:09:10.6808902+02:00" testType="13cdc9d9-ddb5-4fa4-a97d-d965ccfc6d4b" outcome="Passed" testListId="8c84fa94-04c1-424b-9868-57a2d4851a1d" relativeResultsDirectory="9e8b37d1-828c-40f2-aca5-c9afdd6864ff" />
    <UnitTestResult executionId="e6c0e8ac-687c-4723-920a-47e1d8dcfad0" testId="bcf3ecf8-c7bf-51a5-18de-9cbee85540af" testName="LibraryProject.Application.Tests.Books.BookServiceTests+UpdateAsync.Should_throw_when_isbn_already_exists_for_another_book" computerName="JEREMIASZ" duration="00:00:00.0022047" startTime="2026-05-28T19:09:10.6916775+02:00" endTime="2026-05-28T19:09:10.6936233+02:00" testType="13cdc9d9-ddb5-4fa4-a97d-d965ccfc6d4b" outcome="Passed" testListId="8c84fa94-04c1-424b-9868-57a2d4851a1d" relativeResultsDirectory="e6c0e8ac-687c-4723-920a-47e1d8dcfad0" />
    <UnitTestResult executionId="3e6e8dac-5a92-455e-a4ae-a1eb047e8f1e" testId="351ad408-9d40-0c90-9a8c-4f236ae51e28" testName="LibraryProject.Application.Tests.Reservations.ReservationServiceTests+CancelAsync.Should_throw_when_reservation_not_found" computerName="JEREMIASZ" duration="00:00:00.1444940" startTime="2026-05-28T19:09:10.5101870+02:00" endTime="2026-05-28T19:09:10.6569849+02:00" testType="13cdc9d9-ddb5-4fa4-a97d-d965ccfc6d4b" outcome="Passed" testListId="8c84fa94-04c1-424b-9868-57a2d4851a1d" relativeResultsDirectory="3e6e8dac-5a92-455e-a4ae-a1eb047e8f1e" />
    <UnitTestResult executionId="48b2310b-b6cc-4755-a0b3-7b37122f00dd" testId="b73e628b-4706-3736-3d1f-3f520b88568a" testName="LibraryProject.Application.Tests.Domain.BookEntityTests.UpdateDetails_should_update_properties" computerName="JEREMIASZ" duration="00:00:00.0002378" startTime="2026-05-28T19:09:10.6810506+02:00" endTime="2026-05-28T19:09:10.6812517+02:00" testType="13cdc9d9-ddb5-4fa4-a97d-d965ccfc6d4b" outcome="Passed" testListId="8c84fa94-04c1-424b-9868-57a2d4851a1d" relativeResultsDirectory="48b2310b-b6cc-4755-a0b3-7b37122f00dd" />
    <UnitTestResult executionId="47bdf447-5b11-4356-8500-2bfc7d1fe8cc" testId="d2d4777d-c676-1156-4fd6-45b6dcf331b1" testName="LibraryProject.Application.Tests.Common.GuardTests+Optional.Should_throw_when_value_exceeds_max_length" computerName="JEREMIASZ" duration="00:00:00.0008812" startTime="2026-05-28T19:09:10.7026273+02:00" endTime="2026-05-28T19:09:10.7034227+02:00" testType="13cdc9d9-ddb5-4fa4-a97d-d965ccfc6d4b" outcome="Passed" testListId="8c84fa94-04c1-424b-9868-57a2d4851a1d" relativeResultsDirectory="47bdf447-5b11-4356-8500-2bfc7d1fe8cc" />
    <UnitTestResult executionId="59738827-af03-4df3-bb59-48b513204f97" testId="e94dd4e0-af5b-82c1-c19a-f797cabf11c5" testName="LibraryProject.Application.Tests.Domain.ReservationEntityTests.Fulfill_should_throw_when_not_active(status: Cancelled)" computerName="JEREMIASZ" duration="00:00:00.0003337" startTime="2026-05-28T19:09:10.7162529+02:00" endTime="2026-05-28T19:09:10.7165028+02:00" testType="13cdc9d9-ddb5-4fa4-a97d-d965ccfc6d4b" outcome="Passed" testListId="8c84fa94-04c1-424b-9868-57a2d4851a1d" relativeResultsDirectory="59738827-af03-4df3-bb59-48b513204f97" />
    <UnitTestResult executionId="83117063-d894-47e7-b840-03d8a56d231c" testId="b30ae8e1-3e70-8977-e0bf-12e67b37f3f4" testName="LibraryProject.Application.Tests.Domain.BookEntityTests.Create_should_throw_when_title_is_null" computerName="JEREMIASZ" duration="00:00:00.0005346" startTime="2026-05-28T19:09:10.6813704+02:00" endTime="2026-05-28T19:09:10.6824449+02:00" testType="13cdc9d9-ddb5-4fa4-a97d-d965ccfc6d4b" outcome="Passed" testListId="8c84fa94-04c1-424b-9868-57a2d4851a1d" relativeResultsDirectory="83117063-d894-47e7-b840-03d8a56d231c" />
    <UnitTestResult executionId="42385d97-6050-4818-a7c7-52c9587a56ff" testId="e3d56e1c-3cf4-29f5-fb74-bbedb63d6bda" testName="LibraryProject.Application.Tests.Reservations.ReservationServiceTests+CreateAsync.Should_use_custom_pickup_deadline" computerName="JEREMIASZ" duration="00:00:00.0056251" startTime="2026-05-28T19:09:10.6979394+02:00" endTime="2026-05-28T19:09:10.6999812+02:00" testType="13cdc9d9-ddb5-4fa4-a97d-d965ccfc6d4b" outcome="Passed" testListId="8c84fa94-04c1-424b-9868-57a2d4851a1d" relativeResultsDirectory="42385d97-6050-4818-a7c7-52c9587a56ff" />
    <UnitTestResult executionId="1104d9c7-0110-4a34-aec2-3e9f75ef7771" testId="96c44399-e117-248e-5802-e0be6d5924d8" testName="LibraryProject.Application.Tests.Domain.ReservationEntityTests.Create_should_throw_when_pickup_deadline_is_less_than_1" computerName="JEREMIASZ" duration="00:00:00.0005792" startTime="2026-05-28T19:09:10.7176863+02:00" endTime="2026-05-28T19:09:10.7177417+02:00" testType="13cdc9d9-ddb5-4fa4-a97d-d965ccfc6d4b" outcome="Passed" testListId="8c84fa94-04c1-424b-9868-57a2d4851a1d" relativeResultsDirectory="1104d9c7-0110-4a34-aec2-3e9f75ef7771" />
    <UnitTestResult executionId="cb3cc023-9701-4eef-b076-2c664bcd88b0" testId="836e8b19-5236-0ea3-5bfb-84407018db66" testName="LibraryProject.Application.Tests.Books.BookServiceTests+GetByIdAsync.Should_throw_when_book_not_found" computerName="JEREMIASZ" duration="00:00:00.0023922" startTime="2026-05-28T19:09:10.6794079+02:00" endTime="2026-05-28T19:09:10.6811010+02:00" testType="13cdc9d9-ddb5-4fa4-a97d-d965ccfc6d4b" outcome="Passed" testListId="8c84fa94-04c1-424b-9868-57a2d4851a1d" relativeResultsDirectory="cb3cc023-9701-4eef-b076-2c664bcd88b0" />
    <UnitTestResult executionId="63f6c7fc-63b4-45b2-accc-77f752526f5e" testId="1e990efc-5b3f-659d-82b8-9c971cd740a3" testName="LibraryProject.Application.Tests.Common.DomainOperationTests.Execute_with_action_should_not_wrap_non_domain_exceptions" computerName="JEREMIASZ" duration="00:00:00.0010055" startTime="2026-05-28T19:09:10.5467829+02:00" endTime="2026-05-28T19:09:10.5469547+02:00" testType="13cdc9d9-ddb5-4fa4-a97d-d965ccfc6d4b" outcome="Passed" testListId="8c84fa94-04c1-424b-9868-57a2d4851a1d" relativeResultsDirectory="63f6c7fc-63b4-45b2-accc-77f752526f5e" />
    <UnitTestResult executionId="10c05641-6d6f-467a-9ee2-46d68f0cf2bb" testId="f4fd1545-999f-b067-602b-cc2801db8ad9" testName="LibraryProject.Application.Tests.Common.DomainOperationTests.Execute_with_func_should_not_wrap_non_domain_exceptions" computerName="JEREMIASZ" duration="00:00:00.0157441" startTime="2026-05-28T19:09:10.5100784+02:00" endTime="2026-05-28T19:09:10.5374091+02:00" testType="13cdc9d9-ddb5-4fa4-a97d-d965ccfc6d4b" outcome="Passed" testListId="8c84fa94-04c1-424b-9868-57a2d4851a1d" relativeResultsDirectory="10c05641-6d6f-467a-9ee2-46d68f0cf2bb" />
    <UnitTestResult executionId="1b07b7fa-5118-447b-bfec-1803d051ac02" testId="8f673bad-fa08-3b03-459c-01e0ea0db429" testName="LibraryProject.Application.Tests.Domain.CategoryEntityTests.Create_should_throw_when_name_is_null" computerName="JEREMIASZ" duration="00:00:00.0015612" startTime="2026-05-28T19:09:10.7106443+02:00" endTime="2026-05-28T19:09:10.7121097+02:00" testType="13cdc9d9-ddb5-4fa4-a97d-d965ccfc6d4b" outcome="Passed" testListId="8c84fa94-04c1-424b-9868-57a2d4851a1d" relativeResultsDirectory="1b07b7fa-5118-447b-bfec-1803d051ac02" />
    <UnitTestResult executionId="d1c679da-3927-44dc-95e1-aa8dc1f7ee26" testId="6125c9ea-8efa-99f8-373c-29a5af12b12c" testName="LibraryProject.Application.Tests.Domain.ReservationEntityTests.Create_should_throw_when_pickup_deadline_exceeds_max" computerName="JEREMIASZ" duration="00:00:00.0004242" startTime="2026-05-28T19:09:10.7178715+02:00" endTime="2026-05-28T19:09:10.7224387+02:00" testType="13cdc9d9-ddb5-4fa4-a97d-d965ccfc6d4b" outcome="Passed" testListId="8c84fa94-04c1-424b-9868-57a2d4851a1d" relativeResultsDirectory="d1c679da-3927-44dc-95e1-aa8dc1f7ee26" />
    <UnitTestResult executionId="77988c64-7c4c-4228-bef4-707f187a98a3" testId="1f53ab55-bfec-b42e-bf87-c9c0644588c3" testName="LibraryProject.Application.Tests.Domain.CategoryEntityTests.Create_should_set_name" computerName="JEREMIASZ" duration="00:00:00.0001118" startTime="2026-05-28T19:09:10.7104838+02:00" endTime="2026-05-28T19:09:10.7105312+02:00" testType="13cdc9d9-ddb5-4fa4-a97d-d965ccfc6d4b" outcome="Passed" testListId="8c84fa94-04c1-424b-9868-57a2d4851a1d" relativeResultsDirectory="77988c64-7c4c-4228-bef4-707f187a98a3" />
    <UnitTestResult executionId="a3788cba-4918-4039-ae13-18ecde7c6bf7" testId="6cc4f285-fd55-5227-a560-dbde21ee061f" testName="LibraryProject.Application.Tests.Reservations.ReservationServiceTests+CancelAsync.Should_throw_when_user_does_not_own_reservation" computerName="JEREMIASZ" duration="00:00:00.0022569" startTime="2026-05-28T19:09:10.6571636+02:00" endTime="2026-05-28T19:09:10.6593274+02:00" testType="13cdc9d9-ddb5-4fa4-a97d-d965ccfc6d4b" outcome="Passed" testListId="8c84fa94-04c1-424b-9868-57a2d4851a1d" relativeResultsDirectory="a3788cba-4918-4039-ae13-18ecde7c6bf7" />
    <UnitTestResult executionId="7255c9b9-edba-4b05-a9f2-885633b65738" testId="fd0e9c42-7f4b-c9b4-9df8-0d325b5cacb8" testName="LibraryProject.Application.Tests.Reservations.ReservationServiceTests+GetByIdAsync.Should_return_reservation_when_user_owns_it" computerName="JEREMIASZ" duration="00:00:00.0010147" startTime="2026-05-28T19:09:10.7108124+02:00" endTime="2026-05-28T19:09:10.7116341+02:00" testType="13cdc9d9-ddb5-4fa4-a97d-d965ccfc6d4b" outcome="Passed" testListId="8c84fa94-04c1-424b-9868-57a2d4851a1d" relativeResultsDirectory="7255c9b9-edba-4b05-a9f2-885633b65738" />
    <UnitTestResult executionId="3251204f-d0df-443c-8146-e31f5881f297" testId="be556e1f-8c93-64eb-4cbb-713e25444c17" testName="LibraryProject.Application.Tests.Domain.BookCopyEntityTests.MakeAvailable_should_change_status_to_available" computerName="JEREMIASZ" duration="00:00:00.0001720" startTime="2026-05-28T19:09:10.7070645+02:00" endTime="2026-05-28T19:09:10.7071273+02:00" testType="13cdc9d9-ddb5-4fa4-a97d-d965ccfc6d4b" outcome="Passed" testListId="8c84fa94-04c1-424b-9868-57a2d4851a1d" relativeResultsDirectory="3251204f-d0df-443c-8146-e31f5881f297" />
    <UnitTestResult executionId="b276c96d-4219-4d24-ab22-159b8b0784d5" testId="b781d3c8-2f20-aa87-10b3-89dfe994796d" testName="LibraryProject.Application.Tests.Reservations.ReservationServiceTests+GetByIdAsync.Should_throw_when_user_does_not_own_reservation" computerName="JEREMIASZ" duration="00:00:00.0038375" startTime="2026-05-28T19:09:10.7068138+02:00" endTime="2026-05-28T19:09:10.7106911+02:00" testType="13cdc9d9-ddb5-4fa4-a97d-d965ccfc6d4b" outcome="Passed" testListId="8c84fa94-04c1-424b-9868-57a2d4851a1d" relativeResultsDirectory="b276c96d-4219-4d24-ab22-159b8b0784d5" />
    <UnitTestResult executionId="93e8cf92-1f6d-4e72-8f2e-5684a86efeab" testId="15077a26-1e2d-7482-e4c1-9f0ed4ba73ab" testName="LibraryProject.Application.Tests.Domain.ReservationEntityTests.Fulfill_should_throw_when_not_active(status: Expired)" computerName="JEREMIASZ" duration="00:00:00.0005407" startTime="2026-05-28T19:09:10.7159143+02:00" endTime="2026-05-28T19:09:10.7161409+02:00" testType="13cdc9d9-ddb5-4fa4-a97d-d965ccfc6d4b" outcome="Passed" testListId="8c84fa94-04c1-424b-9868-57a2d4851a1d" relativeResultsDirectory="93e8cf92-1f6d-4e72-8f2e-5684a86efeab" />
    <UnitTestResult executionId="a30b81bd-1a99-49e5-b88e-cdc9447fef46" testId="9096010f-4e72-b539-446a-fa5ff33465aa" testName="LibraryProject.Application.Tests.Books.BookServiceTests+CreateAsync.Should_throw_when_inventory_numbers_have_duplicates" computerName="JEREMIASZ" duration="00:00:00.0113341" startTime="2026-05-28T19:09:10.6827975+02:00" endTime="2026-05-28T19:09:10.6935781+02:00" testType="13cdc9d9-ddb5-4fa4-a97d-d965ccfc6d4b" outcome="Passed" testListId="8c84fa94-04c1-424b-9868-57a2d4851a1d" relativeResultsDirectory="a30b81bd-1a99-49e5-b88e-cdc9447fef46" />
    <UnitTestResult executionId="e47c0eee-4edc-4ef3-a5b1-f0f9991375a5" testId="5cac6d9b-d802-c1f5-d781-fb89af069c9a" testName="LibraryProject.Application.Tests.Common.DomainOperationTests.Execute_with_action_should_wrap_DomainException_into_DomainRuleViolationException" computerName="JEREMIASZ" duration="00:00:00.0010284" startTime="2026-05-28T19:09:10.5877121+02:00" endTime="2026-05-28T19:09:10.5879193+02:00" testType="13cdc9d9-ddb5-4fa4-a97d-d965ccfc6d4b" outcome="Passed" testListId="8c84fa94-04c1-424b-9868-57a2d4851a1d" relativeResultsDirectory="e47c0eee-4edc-4ef3-a5b1-f0f9991375a5" />
    <UnitTestResult executionId="08c76dd1-9e0d-40c5-a712-a428cffd2ea0" testId="475d9b35-0794-86f0-b07e-17e4e8279411" testName="LibraryProject.Application.Tests.Common.DomainOperationTests.Execute_with_action_should_not_throw_when_no_exception" computerName="JEREMIASZ" duration="00:00:00.0008806" startTime="2026-05-28T19:09:10.5894820+02:00" endTime="2026-05-28T19:09:10.5904522+02:00" testType="13cdc9d9-ddb5-4fa4-a97d-d965ccfc6d4b" outcome="Passed" testListId="8c84fa94-04c1-424b-9868-57a2d4851a1d" relativeResultsDirectory="08c76dd1-9e0d-40c5-a712-a428cffd2ea0" />
    <UnitTestResult executionId="eadcd1ae-13cb-48cc-9c53-3a4509f5c197" testId="e3a11438-692c-0e8f-da0e-bce2004987a1" testName="LibraryProject.Application.Tests.Loans.LoanServiceTests+GetAllAsync.Should_return_all_loans_paginated" computerName="JEREMIASZ" duration="00:00:00.0043723" startTime="2026-05-28T19:09:10.6992475+02:00" endTime="2026-05-28T19:09:10.7036204+02:00" testType="13cdc9d9-ddb5-4fa4-a97d-d965ccfc6d4b" outcome="Passed" testListId="8c84fa94-04c1-424b-9868-57a2d4851a1d" relativeResultsDirectory="eadcd1ae-13cb-48cc-9c53-3a4509f5c197" />
    <UnitTestResult executionId="5c7d9619-887a-4576-bed6-928fbcc08d01" testId="49bbf8c4-78d4-ef7f-31ff-e404ee446601" testName="LibraryProject.Application.Tests.Domain.CategoryEntityTests.Create_should_trim_name" computerName="JEREMIASZ" duration="00:00:00.0002537" startTime="2026-05-28T19:09:10.7101132+02:00" endTime="2026-05-28T19:09:10.7103289+02:00" testType="13cdc9d9-ddb5-4fa4-a97d-d965ccfc6d4b" outcome="Passed" testListId="8c84fa94-04c1-424b-9868-57a2d4851a1d" relativeResultsDirectory="5c7d9619-887a-4576-bed6-928fbcc08d01" />
    <UnitTestResult executionId="26ebe9d8-ba23-4627-859e-ba43425d9d5a" testId="27aeb97a-db6c-0776-8f02-4b1bf1909dca" testName="LibraryProject.Application.Tests.Domain.IsbnValueObjectTests.ToString_should_return_value" computerName="JEREMIASZ" duration="00:00:00.0002660" startTime="2026-05-28T19:09:10.5475148+02:00" endTime="2026-05-28T19:09:10.5874121+02:00" testType="13cdc9d9-ddb5-4fa4-a97d-d965ccfc6d4b" outcome="Passed" testListId="8c84fa94-04c1-424b-9868-57a2d4851a1d" relativeResultsDirectory="26ebe9d8-ba23-4627-859e-ba43425d9d5a" />
    <UnitTestResult executionId="31678dfa-2c51-4224-b7e0-d75b1ceb0894" testId="a67aef1b-b7ac-bf06-667e-c56c97417ea6" testName="LibraryProject.Application.Tests.Books.BookServiceTests+GetAsync.Should_pass_filters_to_repository" computerName="JEREMIASZ" duration="00:00:00.0047274" startTime="2026-05-28T19:09:10.6657537+02:00" endTime="2026-05-28T19:09:10.6704615+02:00" testType="13cdc9d9-ddb5-4fa4-a97d-d965ccfc6d4b" outcome="Passed" testListId="8c84fa94-04c1-424b-9868-57a2d4851a1d" relativeResultsDirectory="31678dfa-2c51-4224-b7e0-d75b1ceb0894" />
    <UnitTestResult executionId="ea2c40e9-c71a-4bdc-8c23-c408f976079b" testId="12254b7c-fd90-3e3b-4fad-9bcae64fd69d" testName="LibraryProject.Application.Tests.Books.BookServiceTests+CreateAsync.Should_throw_when_isbn_already_exists" computerName="JEREMIASZ" duration="00:00:00.0017636" startTime="2026-05-28T19:09:10.7044321+02:00" endTime="2026-05-28T19:09:10.7054621+02:00" testType="13cdc9d9-ddb5-4fa4-a97d-d965ccfc6d4b" outcome="Passed" testListId="8c84fa94-04c1-424b-9868-57a2d4851a1d" relativeResultsDirectory="ea2c40e9-c71a-4bdc-8c23-c408f976079b" />
    <UnitTestResult executionId="160c899a-5cdd-4afa-a294-175900b8e0e5" testId="beb2013d-35a0-db35-d85c-33e919d84a51" testName="LibraryProject.Application.Tests.Reservations.ReservationServiceTests+GetMyReservationsAsync.Should_return_paginated_reservations" computerName="JEREMIASZ" duration="00:00:00.0052898" startTime="2026-05-28T19:09:10.6977223+02:00" endTime="2026-05-28T19:09:10.6990239+02:00" testType="13cdc9d9-ddb5-4fa4-a97d-d965ccfc6d4b" outcome="Passed" testListId="8c84fa94-04c1-424b-9868-57a2d4851a1d" relativeResultsDirectory="160c899a-5cdd-4afa-a294-175900b8e0e5" />
    <UnitTestResult executionId="bf8e2139-e42e-4945-a4c8-2f17d1055142" testId="492d7ea6-f4e7-1a9a-4a7e-b0e9a76ceeff" testName="LibraryProject.Application.Tests.Loans.LoanServiceTests+ReturnAsync.Should_throw_when_loan_not_found" computerName="JEREMIASZ" duration="00:00:00.0034450" startTime="2026-05-28T19:09:10.6654836+02:00" endTime="2026-05-28T19:09:10.6691670+02:00" testType="13cdc9d9-ddb5-4fa4-a97d-d965ccfc6d4b" outcome="Passed" testListId="8c84fa94-04c1-424b-9868-57a2d4851a1d" relativeResultsDirectory="bf8e2139-e42e-4945-a4c8-2f17d1055142" />
    <UnitTestResult executionId="e28798c4-0533-4c80-9cf1-8a1819e40af5" testId="2692c300-2767-632d-7a0e-5a600fdf7422" testName="LibraryProject.Application.Tests.Loans.LoanServiceTests+GetByIdAsync.Should_throw_when_loan_not_found" computerName="JEREMIASZ" duration="00:00:00.0011289" startTime="2026-05-28T19:09:10.7288537+02:00" endTime="2026-05-28T19:09:10.7299590+02:00" testType="13cdc9d9-ddb5-4fa4-a97d-d965ccfc6d4b" outcome="Passed" testListId="8c84fa94-04c1-424b-9868-57a2d4851a1d" relativeResultsDirectory="e28798c4-0533-4c80-9cf1-8a1819e40af5" />
    <UnitTestResult executionId="1e1a1739-8431-406c-a880-f1eef6e8d4d1" testId="8b190f9b-8c0d-549b-2cbd-b4df72381c00" testName="LibraryProject.Application.Tests.Common.GuardTests+Required.Should_trim_and_return_value(input: &quot;   hello   &quot;)" computerName="JEREMIASZ" duration="00:00:00.0002907" startTime="2026-05-28T19:09:10.6628880+02:00" endTime="2026-05-28T19:09:10.6630492+02:00" testType="13cdc9d9-ddb5-4fa4-a97d-d965ccfc6d4b" outcome="Passed" testListId="8c84fa94-04c1-424b-9868-57a2d4851a1d" relativeResultsDirectory="1e1a1739-8431-406c-a880-f1eef6e8d4d1" />
    <UnitTestResult executionId="d590d832-1f2e-4e61-be9f-239ae48c2784" testId="31c27f96-6f48-e2e3-20cf-9c768c388ade" testName="LibraryProject.Application.Tests.Domain.BookEntityTests.Delete_called_twice_should_not_change_DeletedAt" computerName="JEREMIASZ" duration="00:00:00.0010108" startTime="2026-05-28T19:09:10.6691060+02:00" endTime="2026-05-28T19:09:10.6693704+02:00" testType="13cdc9d9-ddb5-4fa4-a97d-d965ccfc6d4b" outcome="Passed" testListId="8c84fa94-04c1-424b-9868-57a2d4851a1d" relativeResultsDirectory="d590d832-1f2e-4e61-be9f-239ae48c2784" />
    <UnitTestResult executionId="15f68294-352f-45b2-b4a0-168ddc6efe80" testId="e191842c-95f4-66b1-9cd5-66131a2e7072" testName="LibraryProject.Application.Tests.Common.GuardTests+Required.Should_use_prefix_in_error_code" computerName="JEREMIASZ" duration="00:00:00.0004530" startTime="2026-05-28T19:09:10.6649550+02:00" endTime="2026-05-28T19:09:10.6652350+02:00" testType="13cdc9d9-ddb5-4fa4-a97d-d965ccfc6d4b" outcome="Passed" testListId="8c84fa94-04c1-424b-9868-57a2d4851a1d" relativeResultsDirectory="15f68294-352f-45b2-b4a0-168ddc6efe80" />
    <UnitTestResult executionId="a5d892cc-1e6d-4cbf-90a5-835210201271" testId="e29fef7d-2ef5-9493-b486-f4469d696640" testName="LibraryProject.Application.Tests.Books.BookServiceTests+CreateAsync.Should_throw_when_inventory_numbers_are_empty" computerName="JEREMIASZ" duration="00:00:00.0053436" startTime="2026-05-28T19:09:10.7056363+02:00" endTime="2026-05-28T19:09:10.7108438+02:00" testType="13cdc9d9-ddb5-4fa4-a97d-d965ccfc6d4b" outcome="Passed" testListId="8c84fa94-04c1-424b-9868-57a2d4851a1d" relativeResultsDirectory="a5d892cc-1e6d-4cbf-90a5-835210201271" />
    <UnitTestResult executionId="f62b2acb-11b7-4c7c-ba4c-5becb4cea987" testId="90efd417-b9ba-0b4b-3efe-2fecc074badc" testName="LibraryProject.Application.Tests.Authentication.AuthenticationServiceTests+RegisterAsync.Should_throw_when_email_already_exists" computerName="JEREMIASZ" duration="00:00:00.0034246" startTime="2026-05-28T19:09:10.7266750+02:00" endTime="2026-05-28T19:09:10.7298670+02:00" testType="13cdc9d9-ddb5-4fa4-a97d-d965ccfc6d4b" outcome="Passed" testListId="8c84fa94-04c1-424b-9868-57a2d4851a1d" relativeResultsDirectory="f62b2acb-11b7-4c7c-ba4c-5becb4cea987" />
    <UnitTestResult executionId="f50ce410-3add-4516-8de5-3d8937a522fc" testId="026657a1-625e-267a-43ab-c2a15c45bcc6" testName="LibraryProject.Application.Tests.Books.BookServiceTests+GetByIdAsync.Should_return_book_when_found" computerName="JEREMIASZ" duration="00:00:00.0009757" startTime="2026-05-28T19:09:10.6812215+02:00" endTime="2026-05-28T19:09:10.6826354+02:00" testType="13cdc9d9-ddb5-4fa4-a97d-d965ccfc6d4b" outcome="Passed" testListId="8c84fa94-04c1-424b-9868-57a2d4851a1d" relativeResultsDirectory="f50ce410-3add-4516-8de5-3d8937a522fc" />
    <UnitTestResult executionId="0aeb40ce-bfdb-4a72-b35f-4163032fa859" testId="569524d3-dbc3-101b-d469-2ef35b213bab" testName="LibraryProject.Application.Tests.Authentication.AuthenticationServiceTests+LoginAsync.Should_throw_when_user_is_inactive" computerName="JEREMIASZ" duration="00:00:00.0042619" startTime="2026-05-28T19:09:10.7139137+02:00" endTime="2026-05-28T19:09:10.7222660+02:00" testType="13cdc9d9-ddb5-4fa4-a97d-d965ccfc6d4b" outcome="Passed" testListId="8c84fa94-04c1-424b-9868-57a2d4851a1d" relativeResultsDirectory="0aeb40ce-bfdb-4a72-b35f-4163032fa859" />
    <UnitTestResult executionId="d116dc2f-aa9c-46a2-b635-3e0424099173" testId="dee54df5-fd6d-8399-eb35-fad50242b79d" testName="LibraryProject.Application.Tests.Common.GuardTests+Optional.Should_return_empty_string_when_null" computerName="JEREMIASZ" duration="00:00:00.0002718" startTime="2026-05-28T19:09:10.7035703+02:00" endTime="2026-05-28T19:09:10.7045476+02:00" testType="13cdc9d9-ddb5-4fa4-a97d-d965ccfc6d4b" outcome="Passed" testListId="8c84fa94-04c1-424b-9868-57a2d4851a1d" relativeResultsDirectory="d116dc2f-aa9c-46a2-b635-3e0424099173" />
    <UnitTestResult executionId="1ae764f6-b53b-475f-9728-f0dadbe7e658" testId="daca397e-f1f2-e945-60c5-0096755de9e5" testName="LibraryProject.Application.Tests.Loans.LoanServiceTests+GetMyLoansAsync.Should_return_paginated_loans_for_user" computerName="JEREMIASZ" duration="00:00:00.0052535" startTime="2026-05-28T19:09:10.7231090+02:00" endTime="2026-05-28T19:09:10.7242331+02:00" testType="13cdc9d9-ddb5-4fa4-a97d-d965ccfc6d4b" outcome="Passed" testListId="8c84fa94-04c1-424b-9868-57a2d4851a1d" relativeResultsDirectory="1ae764f6-b53b-475f-9728-f0dadbe7e658" />
    <UnitTestResult executionId="e02b59ce-2aca-45c2-bba6-2b1c07302a6c" testId="7b691a7c-0f8a-387a-fbf3-2ef4933bee6f" testName="LibraryProject.Application.Tests.Domain.BookCopyEntityTests.Borrow_should_change_status_to_borrowed" computerName="JEREMIASZ" duration="00:00:00.0001294" startTime="2026-05-28T19:09:10.7052526+02:00" endTime="2026-05-28T19:09:10.7052983+02:00" testType="13cdc9d9-ddb5-4fa4-a97d-d965ccfc6d4b" outcome="Passed" testListId="8c84fa94-04c1-424b-9868-57a2d4851a1d" relativeResultsDirectory="e02b59ce-2aca-45c2-bba6-2b1c07302a6c" />
    <UnitTestResult executionId="ce1ddf9b-bbda-47fc-9937-551e0269cfb4" testId="2fde89f5-f476-e915-2042-7f5ae529771c" testName="LibraryProject.Application.Tests.Reservations.ReservationServiceTests+FulfillAsync.Should_fulfill_reservation_and_create_loan" computerName="JEREMIASZ" duration="00:00:00.0118592" startTime="2026-05-28T19:09:10.7156253+02:00" endTime="2026-05-28T19:09:10.7267375+02:00" testType="13cdc9d9-ddb5-4fa4-a97d-d965ccfc6d4b" outcome="Passed" testListId="8c84fa94-04c1-424b-9868-57a2d4851a1d" relativeResultsDirectory="ce1ddf9b-bbda-47fc-9937-551e0269cfb4" />
    <UnitTestResult executionId="6ae42b36-057c-4946-8482-0a82d5078ea1" testId="a22faee4-9622-0741-5ee3-37b4f08b7d83" testName="LibraryProject.Application.Tests.Domain.LoanEntityTests.Create_should_set_reservation_id_when_provided" computerName="JEREMIASZ" duration="00:00:00.0013035" startTime="2026-05-28T19:09:10.6839268+02:00" endTime="2026-05-28T19:09:10.6851611+02:00" testType="13cdc9d9-ddb5-4fa4-a97d-d965ccfc6d4b" outcome="Passed" testListId="8c84fa94-04c1-424b-9868-57a2d4851a1d" relativeResultsDirectory="6ae42b36-057c-4946-8482-0a82d5078ea1" />
    <UnitTestResult executionId="4fb862da-4858-4c90-b95d-00ec35b746e5" testId="c1062931-1620-ee40-71c0-23b44e24935d" testName="LibraryProject.Application.Tests.Books.BookServiceTests+CreateAsync.Should_create_book_with_copies" computerName="JEREMIASZ" duration="00:00:00.0032784" startTime="2026-05-28T19:09:10.7004200+02:00" endTime="2026-05-28T19:09:10.7037214+02:00" testType="13cdc9d9-ddb5-4fa4-a97d-d965ccfc6d4b" outcome="Passed" testListId="8c84fa94-04c1-424b-9868-57a2d4851a1d" relativeResultsDirectory="4fb862da-4858-4c90-b95d-00ec35b746e5" />
    <UnitTestResult executionId="b85cbdd2-3e23-41de-a6cd-0452972828a3" testId="84161067-0319-fd52-0879-3ddac60b1275" testName="LibraryProject.Application.Tests.Books.BookServiceTests+GetAsync.Should_return_paginated_books" computerName="JEREMIASZ" duration="00:00:00.0061796" startTime="2026-05-28T19:09:10.6706212+02:00" endTime="2026-05-28T19:09:10.6767145+02:00" testType="13cdc9d9-ddb5-4fa4-a97d-d965ccfc6d4b" outcome="Passed" testListId="8c84fa94-04c1-424b-9868-57a2d4851a1d" relativeResultsDirectory="b85cbdd2-3e23-41de-a6cd-0452972828a3" />
    <UnitTestResult executionId="f312676e-ce17-4e07-8c11-dfd138d95632" testId="1cfa68f8-bf60-2aee-5766-edd9a15817c9" testName="LibraryProject.Application.Tests.Authentication.AuthenticationServiceTests+LoginAsync.Should_return_authentication_response_when_credentials_valid" computerName="JEREMIASZ" duration="00:00:00.0073626" startTime="2026-05-28T19:09:10.7225369+02:00" endTime="2026-05-28T19:09:10.7255990+02:00" testType="13cdc9d9-ddb5-4fa4-a97d-d965ccfc6d4b" outcome="Passed" testListId="8c84fa94-04c1-424b-9868-57a2d4851a1d" relativeResultsDirectory="f312676e-ce17-4e07-8c11-dfd138d95632" />
    <UnitTestResult executionId="6a360c58-208b-445f-84fb-b49902c64d9e" testId="fbada568-dcae-b44b-4818-c224b9e25b88" testName="LibraryProject.Application.Tests.Domain.IsbnValueObjectTests.Create_should_throw_when_value_exceeds_max_length" computerName="JEREMIASZ" duration="00:00:00.0011249" startTime="2026-05-28T19:09:10.5875438+02:00" endTime="2026-05-28T19:09:10.5877599+02:00" testType="13cdc9d9-ddb5-4fa4-a97d-d965ccfc6d4b" outcome="Passed" testListId="8c84fa94-04c1-424b-9868-57a2d4851a1d" relativeResultsDirectory="6a360c58-208b-445f-84fb-b49902c64d9e" />
    <UnitTestResult executionId="0c4a0f2b-b879-4c27-9682-fa9f3662fe68" testId="2f8e0640-55aa-2fb8-780e-df7a0f91240c" testName="LibraryProject.Application.Tests.Authentication.AuthenticationServiceTests+LoginAsync.Should_throw_when_user_not_found" computerName="JEREMIASZ" duration="00:00:00.0020088" startTime="2026-05-28T19:09:10.7118802+02:00" endTime="2026-05-28T19:09:10.7137712+02:00" testType="13cdc9d9-ddb5-4fa4-a97d-d965ccfc6d4b" outcome="Passed" testListId="8c84fa94-04c1-424b-9868-57a2d4851a1d" relativeResultsDirectory="0c4a0f2b-b879-4c27-9682-fa9f3662fe68" />
    <UnitTestResult executionId="91fc7216-6e13-42f5-b0f1-54c36a574a74" testId="6e7e59a2-7106-c816-24a3-024a85ac7ee4" testName="LibraryProject.Application.Tests.Loans.LoanServiceTests+ReturnAsync.Should_return_loan_when_administrator_returns_for_user" computerName="JEREMIASZ" duration="00:00:00.0015953" startTime="2026-05-28T19:09:10.6791850+02:00" endTime="2026-05-28T19:09:10.6799442+02:00" testType="13cdc9d9-ddb5-4fa4-a97d-d965ccfc6d4b" outcome="Passed" testListId="8c84fa94-04c1-424b-9868-57a2d4851a1d" relativeResultsDirectory="91fc7216-6e13-42f5-b0f1-54c36a574a74" />
    <UnitTestResult executionId="87e31b50-e9ce-42bc-adec-7c2e2c163d84" testId="26500449-eeac-21e0-2cbc-4a15722f2188" testName="LibraryProject.Application.Tests.Domain.LoanEntityTests.Return_should_throw_when_already_returned" computerName="JEREMIASZ" duration="00:00:00.0007487" startTime="2026-05-28T19:09:10.6891024+02:00" endTime="2026-05-28T19:09:10.6891707+02:00" testType="13cdc9d9-ddb5-4fa4-a97d-d965ccfc6d4b" outcome="Passed" testListId="8c84fa94-04c1-424b-9868-57a2d4851a1d" relativeResultsDirectory="87e31b50-e9ce-42bc-adec-7c2e2c163d84" />
    <UnitTestResult executionId="e6f6909f-b032-426a-8800-acaffad5a0c8" testId="2dce8401-3527-130f-553d-94f060eb86c8" testName="LibraryProject.Application.Tests.Domain.BookCopyEntityTests.Borrow_should_throw_when_not_available" computerName="JEREMIASZ" duration="00:00:00.0013759" startTime="2026-05-28T19:09:10.7045140+02:00" endTime="2026-05-28T19:09:10.7051079+02:00" testType="13cdc9d9-ddb5-4fa4-a97d-d965ccfc6d4b" outcome="Passed" testListId="8c84fa94-04c1-424b-9868-57a2d4851a1d" relativeResultsDirectory="e6f6909f-b032-426a-8800-acaffad5a0c8" />
    <UnitTestResult executionId="e59e193e-a5ad-40eb-8daa-dc34165f3a03" testId="f9a0f622-6334-ec23-67ff-a85785244d80" testName="LibraryProject.Application.Tests.Books.BookServiceTests+DeleteAsync.Should_soft_delete_book" computerName="JEREMIASZ" duration="00:00:00.1243334" startTime="2026-05-28T19:09:10.5923476+02:00" endTime="2026-05-28T19:09:10.6626754+02:00" testType="13cdc9d9-ddb5-4fa4-a97d-d965ccfc6d4b" outcome="Passed" testListId="8c84fa94-04c1-424b-9868-57a2d4851a1d" relativeResultsDirectory="e59e193e-a5ad-40eb-8daa-dc34165f3a03" />
    <UnitTestResult executionId="abeee42d-42ab-4777-aac0-f73c2b32d681" testId="1a2e8c1a-6745-3a7c-d9bc-7eb3725f0a85" testName="LibraryProject.Application.Tests.Domain.ReservationEntityTests.Cancel_should_throw_when_not_active(status: Expired)" computerName="JEREMIASZ" duration="00:00:00.0004461" startTime="2026-05-28T19:09:10.7154359+02:00" endTime="2026-05-28T19:09:10.7156704+02:00" testType="13cdc9d9-ddb5-4fa4-a97d-d965ccfc6d4b" outcome="Passed" testListId="8c84fa94-04c1-424b-9868-57a2d4851a1d" relativeResultsDirectory="abeee42d-42ab-4777-aac0-f73c2b32d681" />
    <UnitTestResult executionId="cdb28983-db6c-47e0-877c-85dcbde6166c" testId="690bb19f-2e98-1c22-53fd-96f92e7f57bd" testName="LibraryProject.Application.Tests.Loans.LoanServiceTests+GetByIdAsync.Should_return_loan_when_user_is_administrator" computerName="JEREMIASZ" duration="00:00:00.0008124" startTime="2026-05-28T19:09:10.7320467+02:00" endTime="2026-05-28T19:09:10.7322179+02:00" testType="13cdc9d9-ddb5-4fa4-a97d-d965ccfc6d4b" outcome="Passed" testListId="8c84fa94-04c1-424b-9868-57a2d4851a1d" relativeResultsDirectory="cdb28983-db6c-47e0-877c-85dcbde6166c" />
    <UnitTestResult executionId="22c2ffcc-a045-46e4-80ae-1f392210af3c" testId="b7c7e09a-e3ce-667f-91f0-18669547cc6a" testName="LibraryProject.Application.Tests.Domain.BookCopyEntityTests.MakeAvailable_should_throw_when_not_borrowed" computerName="JEREMIASZ" duration="00:00:00.0007970" startTime="2026-05-28T19:09:10.7066472+02:00" endTime="2026-05-28T19:09:10.7069213+02:00" testType="13cdc9d9-ddb5-4fa4-a97d-d965ccfc6d4b" outcome="Passed" testListId="8c84fa94-04c1-424b-9868-57a2d4851a1d" relativeResultsDirectory="22c2ffcc-a045-46e4-80ae-1f392210af3c" />
    <UnitTestResult executionId="8da5a2b5-1abf-4a3d-90dc-bb68cc5c75ea" testId="cdd9a675-a213-40ee-aef0-b420cb767e70" testName="LibraryProject.Application.Tests.Books.BookServiceTests+CreateAsync.Should_throw_when_inventory_numbers_already_exist_globally" computerName="JEREMIASZ" duration="00:00:00.0066817" startTime="2026-05-28T19:09:10.6944211+02:00" endTime="2026-05-28T19:09:10.7002855+02:00" testType="13cdc9d9-ddb5-4fa4-a97d-d965ccfc6d4b" outcome="Passed" testListId="8c84fa94-04c1-424b-9868-57a2d4851a1d" relativeResultsDirectory="8da5a2b5-1abf-4a3d-90dc-bb68cc5c75ea" />
    <UnitTestResult executionId="d66e6e88-6f0a-45c8-9193-50b867bf7d33" testId="22463598-2917-883d-40f7-9b3b0f68fe7f" testName="LibraryProject.Application.Tests.Domain.IsbnValueObjectTests.Create_should_trim_value" computerName="JEREMIASZ" duration="00:00:00.0001363" startTime="2026-05-28T19:09:10.5878758+02:00" endTime="2026-05-28T19:09:10.5880787+02:00" testType="13cdc9d9-ddb5-4fa4-a97d-d965ccfc6d4b" outcome="Passed" testListId="8c84fa94-04c1-424b-9868-57a2d4851a1d" relativeResultsDirectory="d66e6e88-6f0a-45c8-9193-50b867bf7d33" />
    <UnitTestResult executionId="63ebaad3-9b6b-4872-82f7-351327c6a4ed" testId="ae553348-45de-8885-7195-6dddb4cce6ae" testName="LibraryProject.Application.Tests.Domain.ReservationEntityTests.Create_with_custom_deadline_should_use_it" computerName="JEREMIASZ" duration="00:00:00.0001207" startTime="2026-05-28T19:09:10.7229112+02:00" endTime="2026-05-28T19:09:10.7229525+02:00" testType="13cdc9d9-ddb5-4fa4-a97d-d965ccfc6d4b" outcome="Passed" testListId="8c84fa94-04c1-424b-9868-57a2d4851a1d" relativeResultsDirectory="63ebaad3-9b6b-4872-82f7-351327c6a4ed" />
    <UnitTestResult executionId="4a90ea00-fe62-42ea-b2f4-3e0c94f59ba4" testId="3c6182d5-f2fc-c52b-7aa6-0ed348cbcfe8" testName="LibraryProject.Application.Tests.Authentication.AuthenticationServiceTests+RegisterAsync.Should_create_user_and_return_authentication_response" computerName="JEREMIASZ" duration="00:00:00.0145268" startTime="2026-05-28T19:09:10.7119458+02:00" endTime="2026-05-28T19:09:10.7265571+02:00" testType="13cdc9d9-ddb5-4fa4-a97d-d965ccfc6d4b" outcome="Passed" testListId="8c84fa94-04c1-424b-9868-57a2d4851a1d" relativeResultsDirectory="4a90ea00-fe62-42ea-b2f4-3e0c94f59ba4" />
    <UnitTestResult executionId="df88f98a-319c-4824-95fc-ca240a7ada49" testId="f4b709a2-1246-984c-6570-4812c2395ad4" testName="LibraryProject.Application.Tests.Loans.LoanServiceTests+GetByIdAsync.Should_throw_when_user_does_not_own_loan_and_is_not_librarian_or_admin" computerName="JEREMIASZ" duration="00:00:00.0028639" startTime="2026-05-28T19:09:10.7263907+02:00" endTime="2026-05-28T19:09:10.7286979+02:00" testType="13cdc9d9-ddb5-4fa4-a97d-d965ccfc6d4b" outcome="Passed" testListId="8c84fa94-04c1-424b-9868-57a2d4851a1d" relativeResultsDirectory="df88f98a-319c-4824-95fc-ca240a7ada49" />
    <UnitTestResult executionId="080ccda5-afe2-4c53-b831-a93e5daed7f9" testId="a9a96aa4-68f6-11f4-3397-abf5ecb94330" testName="LibraryProject.Application.Tests.Reservations.ReservationServiceTests+FulfillAsync.Should_throw_when_no_available_copy" computerName="JEREMIASZ" duration="00:00:00.0026181" startTime="2026-05-28T19:09:10.7122950+02:00" endTime="2026-05-28T19:09:10.7154914+02:00" testType="13cdc9d9-ddb5-4fa4-a97d-d965ccfc6d4b" outcome="Passed" testListId="8c84fa94-04c1-424b-9868-57a2d4851a1d" relativeResultsDirectory="080ccda5-afe2-4c53-b831-a93e5daed7f9" />
    <UnitTestResult executionId="28722846-9569-47aa-8e1f-a4343856123f" testId="e8a2a34b-94fb-794b-aa50-b5fc40a27279" testName="LibraryProject.Application.Tests.Common.GuardTests+ErrorFactoryMethods.TooLongError_should_return_DomainValidationException" computerName="JEREMIASZ" duration="00:00:00.0150503" startTime="2026-05-28T19:09:10.5083106+02:00" endTime="2026-05-28T19:09:10.5373142+02:00" testType="13cdc9d9-ddb5-4fa4-a97d-d965ccfc6d4b" outcome="Passed" testListId="8c84fa94-04c1-424b-9868-57a2d4851a1d" relativeResultsDirectory="28722846-9569-47aa-8e1f-a4343856123f" />
    <UnitTestResult executionId="a64c737b-8ef6-44dd-a89c-303eb837f81a" testId="00c6c47e-f21b-d791-e7a8-4312ef54166b" testName="LibraryProject.Application.Tests.Domain.IsbnValueObjectTests.Create_should_throw_when_value_is_null" computerName="JEREMIASZ" duration="00:00:00.0018896" startTime="2026-05-28T19:09:10.5468509+02:00" endTime="2026-05-28T19:09:10.5471920+02:00" testType="13cdc9d9-ddb5-4fa4-a97d-d965ccfc6d4b" outcome="Passed" testListId="8c84fa94-04c1-424b-9868-57a2d4851a1d" relativeResultsDirectory="a64c737b-8ef6-44dd-a89c-303eb837f81a" />
    <UnitTestResult executionId="8308e9bf-02b0-4316-a361-49a5164b248c" testId="2759c78b-6100-4d68-1afa-251706de3b21" testName="LibraryProject.Application.Tests.Domain.ReservationEntityTests.Expire_should_change_status_to_expired" computerName="JEREMIASZ" duration="00:00:00.0001883" startTime="2026-05-28T19:09:10.7227585+02:00" endTime="2026-05-28T19:09:10.7228028+02:00" testType="13cdc9d9-ddb5-4fa4-a97d-d965ccfc6d4b" outcome="Passed" testListId="8c84fa94-04c1-424b-9868-57a2d4851a1d" relativeResultsDirectory="8308e9bf-02b0-4316-a361-49a5164b248c" />
    <UnitTestResult executionId="caaac869-40ab-4820-9ef9-0ad5be0beef7" testId="bda41400-813f-0a1d-05c9-f19efb05a621" testName="LibraryProject.Application.Tests.Loans.LoanServiceTests+GetByIdAsync.Should_return_loan_when_user_owns_it" computerName="JEREMIASZ" duration="00:00:00.0007362" startTime="2026-05-28T19:09:10.7301112+02:00" endTime="2026-05-28T19:09:10.7306488+02:00" testType="13cdc9d9-ddb5-4fa4-a97d-d965ccfc6d4b" outcome="Passed" testListId="8c84fa94-04c1-424b-9868-57a2d4851a1d" relativeResultsDirectory="caaac869-40ab-4820-9ef9-0ad5be0beef7" />
    <UnitTestResult executionId="3e2b3bf0-4c64-454d-82c5-32054cd4179f" testId="4ab5ce11-6c54-50b5-4cb6-dba679836b4f" testName="LibraryProject.Application.Tests.Reservations.ReservationServiceTests+CreateAsync.Should_throw_when_book_not_found" computerName="JEREMIASZ" duration="00:00:00.0020711" startTime="2026-05-28T19:09:10.6901900+02:00" endTime="2026-05-28T19:09:10.6921526+02:00" testType="13cdc9d9-ddb5-4fa4-a97d-d965ccfc6d4b" outcome="Passed" testListId="8c84fa94-04c1-424b-9868-57a2d4851a1d" relativeResultsDirectory="3e2b3bf0-4c64-454d-82c5-32054cd4179f" />
    <UnitTestResult executionId="0b78840a-053f-4e83-b1de-1f9149243834" testId="8dd76332-ba44-c64d-e483-2ef1d989874f" testName="LibraryProject.Application.Tests.Books.BookServiceTests+UpdateAsync.Should_update_book" computerName="JEREMIASZ" duration="00:00:00.1432853" startTime="2026-05-28T19:09:10.5923725+02:00" endTime="2026-05-28T19:09:10.6816669+02:00" testType="13cdc9d9-ddb5-4fa4-a97d-d965ccfc6d4b" outcome="Passed" testListId="8c84fa94-04c1-424b-9868-57a2d4851a1d" relativeResultsDirectory="0b78840a-053f-4e83-b1de-1f9149243834" />
    <UnitTestResult executionId="df40b98f-f654-4740-b381-f2a6d8b60c97" testId="1d596615-8821-2f51-8851-d6cc355034fa" testName="LibraryProject.Application.Tests.Common.GuardTests+ErrorFactoryMethods.BuildCode_without_prefix" computerName="JEREMIASZ" duration="00:00:00.0019249" startTime="2026-05-28T19:09:10.5467541+02:00" endTime="2026-05-28T19:09:10.5473308+02:00" testType="13cdc9d9-ddb5-4fa4-a97d-d965ccfc6d4b" outcome="Passed" testListId="8c84fa94-04c1-424b-9868-57a2d4851a1d" relativeResultsDirectory="df40b98f-f654-4740-b381-f2a6d8b60c97" />
    <UnitTestResult executionId="fa5c24fa-792c-41da-9610-66cc8fff4aed" testId="d0eea099-b3de-7b57-0cfc-2de0f4cc3c81" testName="LibraryProject.Application.Tests.Books.BookServiceTests+CreateAsync.Should_create_book_without_copies" computerName="JEREMIASZ" duration="00:00:00.0023360" startTime="2026-05-28T19:09:10.7115735+02:00" endTime="2026-05-28T19:09:10.7132250+02:00" testType="13cdc9d9-ddb5-4fa4-a97d-d965ccfc6d4b" outcome="Passed" testListId="8c84fa94-04c1-424b-9868-57a2d4851a1d" relativeResultsDirectory="fa5c24fa-792c-41da-9610-66cc8fff4aed" />
    <UnitTestResult executionId="3597ac07-33d2-4639-83fa-bad0fbf13a77" testId="fdd136c4-cbac-a593-9b91-cc6414fa8414" testName="LibraryProject.Application.Tests.Common.GuardTests+Optional.Should_trim_value" computerName="JEREMIASZ" duration="00:00:00.0001107" startTime="2026-05-28T19:09:10.7046865+02:00" endTime="2026-05-28T19:09:10.7047423+02:00" testType="13cdc9d9-ddb5-4fa4-a97d-d965ccfc6d4b" outcome="Passed" testListId="8c84fa94-04c1-424b-9868-57a2d4851a1d" relativeResultsDirectory="3597ac07-33d2-4639-83fa-bad0fbf13a77" />
    <UnitTestResult executionId="492d9c9b-dd1d-420a-9d13-d3565bbe26d4" testId="d219c20a-10c6-176c-f32f-0c3a4a412d76" testName="LibraryProject.Application.Tests.Reservations.ReservationServiceTests+CreateAsync.Should_throw_when_no_available_copy" computerName="JEREMIASZ" duration="00:00:00.0023622" startTime="2026-05-28T19:09:10.7001308+02:00" endTime="2026-05-28T19:09:10.7024134+02:00" testType="13cdc9d9-ddb5-4fa4-a97d-d965ccfc6d4b" outcome="Passed" testListId="8c84fa94-04c1-424b-9868-57a2d4851a1d" relativeResultsDirectory="492d9c9b-dd1d-420a-9d13-d3565bbe26d4" />
    <UnitTestResult executionId="0600e131-55a6-4b5b-829f-f7d591ef77a7" testId="f76c68d6-11ea-5796-a56e-88a5185df07a" testName="LibraryProject.Application.Tests.Reservations.ReservationServiceTests+CancelAsync.Should_cancel_reservation_when_user_owns_it" computerName="JEREMIASZ" duration="00:00:00.0053000" startTime="2026-05-28T19:09:10.6595110+02:00" endTime="2026-05-28T19:09:10.6650162+02:00" testType="13cdc9d9-ddb5-4fa4-a97d-d965ccfc6d4b" outcome="Passed" testListId="8c84fa94-04c1-424b-9868-57a2d4851a1d" relativeResultsDirectory="0600e131-55a6-4b5b-829f-f7d591ef77a7" />
  </Results>
  <TestDefinitions>
    <UnitTest name="LibraryProject.Application.Tests.Reservations.ReservationServiceTests+CreateAsync.Should_throw_when_active_reservation_exists" storage="c:\users\jerem\source\repos\libraryproject\libraryprojectbe\tests\libraryproject.application.tests\bin\debug\net10.0\libraryproject.application.tests.dll" id="794586b3-703a-99d1-b5e3-f29eff1a589a">
      <Execution id="a1baf4c4-278f-447f-8606-adb7663d0152" />
      <TestMethod codeBase="C:\Users\jerem\source\repos\LibraryProject\LibraryProjectBe\tests\LibraryProject.Application.Tests\bin\Debug\net10.0\LibraryProject.Application.Tests.dll" adapterTypeName="executor://xunit/VsTestRunner3/netcore/" className="LibraryProject.Application.Tests.Reservations.ReservationServiceTests+CreateAsync" name="Should_throw_when_active_reservation_exists" />
    </UnitTest>
    <UnitTest name="LibraryProject.Application.Tests.Common.DomainOperationTests.Execute_with_func_should_return_result_when_no_exception" storage="c:\users\jerem\source\repos\libraryproject\libraryprojectbe\tests\libraryproject.application.tests\bin\debug\net10.0\libraryproject.application.tests.dll" id="1aff0200-6566-c6e0-8625-a205d10826b2">
      <Execution id="233a147e-593e-46c6-a63f-e74254cc76e3" />
      <TestMethod codeBase="C:\Users\jerem\source\repos\LibraryProject\LibraryProjectBe\tests\LibraryProject.Application.Tests\bin\Debug\net10.0\LibraryProject.Application.Tests.dll" adapterTypeName="executor://xunit/VsTestRunner3/netcore/" className="LibraryProject.Application.Tests.Common.DomainOperationTests" name="Execute_with_func_should_return_result_when_no_exception" />
    </UnitTest>
    <UnitTest name="LibraryProject.Application.Tests.Authentication.AuthenticationServiceTests+LoginAsync.Should_throw_when_password_is_wrong" storage="c:\users\jerem\source\repos\libraryproject\libraryprojectbe\tests\libraryproject.application.tests\bin\debug\net10.0\libraryproject.application.tests.dll" id="a00fdc67-2612-f56f-4ede-1193adf41745">
      <Execution id="11dd8d2d-74ac-4a65-87f8-d6708f3378e8" />
      <TestMethod codeBase="C:\Users\jerem\source\repos\LibraryProject\LibraryProjectBe\tests\LibraryProject.Application.Tests\bin\Debug\net10.0\LibraryProject.Application.Tests.dll" adapterTypeName="executor://xunit/VsTestRunner3/netcore/" className="LibraryProject.Application.Tests.Authentication.AuthenticationServiceTests+LoginAsync" name="Should_throw_when_password_is_wrong" />
    </UnitTest>
    <UnitTest name="LibraryProject.Application.Tests.Domain.BookEntityTests.UpdateDetails_should_update_properties" storage="c:\users\jerem\source\repos\libraryproject\libraryprojectbe\tests\libraryproject.application.tests\bin\debug\net10.0\libraryproject.application.tests.dll" id="b73e628b-4706-3736-3d1f-3f520b88568a">
      <Execution id="48b2310b-b6cc-4755-a0b3-7b37122f00dd" />
      <TestMethod codeBase="C:\Users\jerem\source\repos\LibraryProject\LibraryProjectBe\tests\LibraryProject.Application.Tests\bin\Debug\net10.0\LibraryProject.Application.Tests.dll" adapterTypeName="executor://xunit/VsTestRunner3/netcore/" className="LibraryProject.Application.Tests.Domain.BookEntityTests" name="UpdateDetails_should_update_properties" />
    </UnitTest>
    <UnitTest name="LibraryProject.Application.Tests.Domain.CategoryEntityTests.Create_should_trim_name" storage="c:\users\jerem\source\repos\libraryproject\libraryprojectbe\tests\libraryproject.application.tests\bin\debug\net10.0\libraryproject.application.tests.dll" id="49bbf8c4-78d4-ef7f-31ff-e404ee446601">
      <Execution id="5c7d9619-887a-4576-bed6-928fbcc08d01" />
      <TestMethod codeBase="C:\Users\jerem\source\repos\LibraryProject\LibraryProjectBe\tests\LibraryProject.Application.Tests\bin\Debug\net10.0\LibraryProject.Application.Tests.dll" adapterTypeName="executor://xunit/VsTestRunner3/netcore/" className="LibraryProject.Application.Tests.Domain.CategoryEntityTests" name="Create_should_trim_name" />
    </UnitTest>
    <UnitTest name="LibraryProject.Application.Tests.Domain.LoanEntityTests.Create_should_set_reservation_id_when_provided" storage="c:\users\jerem\source\repos\libraryproject\libraryprojectbe\tests\libraryproject.application.tests\bin\debug\net10.0\libraryproject.application.tests.dll" id="a22faee4-9622-0741-5ee3-37b4f08b7d83">
      <Execution id="6ae42b36-057c-4946-8482-0a82d5078ea1" />
      <TestMethod codeBase="C:\Users\jerem\source\repos\LibraryProject\LibraryProjectBe\tests\LibraryProject.Application.Tests\bin\Debug\net10.0\LibraryProject.Application.Tests.dll" adapterTypeName="executor://xunit/VsTestRunner3/netcore/" className="LibraryProject.Application.Tests.Domain.LoanEntityTests" name="Create_should_set_reservation_id_when_provided" />
    </UnitTest>
    <UnitTest name="LibraryProject.Application.Tests.Reservations.ReservationServiceTests+GetByIdAsync.Should_return_reservation_when_user_is_librarian" storage="c:\users\jerem\source\repos\libraryproject\libraryprojectbe\tests\libraryproject.application.tests\bin\debug\net10.0\libraryproject.application.tests.dll" id="df7bc8e2-67e0-c7a7-8b5f-662cb9ee8072">
      <Execution id="d22efe65-1d48-43d2-8ebf-1af6cf4c7b1f" />
      <TestMethod codeBase="C:\Users\jerem\source\repos\LibraryProject\LibraryProjectBe\tests\LibraryProject.Application.Tests\bin\Debug\net10.0\LibraryProject.Application.Tests.dll" adapterTypeName="executor://xunit/VsTestRunner3/netcore/" className="LibraryProject.Application.Tests.Reservations.ReservationServiceTests+GetByIdAsync" name="Should_return_reservation_when_user_is_librarian" />
    </UnitTest>
    <UnitTest name="LibraryProject.Application.Tests.Domain.LoanEntityTests.Create_should_set_properties_and_status_active" storage="c:\users\jerem\source\repos\libraryproject\libraryprojectbe\tests\libraryproject.application.tests\bin\debug\net10.0\libraryproject.application.tests.dll" id="7d61d8ea-f955-29c7-e0fa-4551be713654">
      <Execution id="afd8490d-a6cb-4625-93ee-2d85d9209372" />
      <TestMethod codeBase="C:\Users\jerem\source\repos\LibraryProject\LibraryProjectBe\tests\LibraryProject.Application.Tests\bin\Debug\net10.0\LibraryProject.Application.Tests.dll" adapterTypeName="executor://xunit/VsTestRunner3/netcore/" className="LibraryProject.Application.Tests.Domain.LoanEntityTests" name="Create_should_set_properties_and_status_active" />
    </UnitTest>
    <UnitTest name="LibraryProject.Application.Tests.Domain.ReservationEntityTests.Cancel_should_throw_when_not_active(status: Expired)" storage="c:\users\jerem\source\repos\libraryproject\libraryprojectbe\tests\libraryproject.application.tests\bin\debug\net10.0\libraryproject.application.tests.dll" id="1a2e8c1a-6745-3a7c-d9bc-7eb3725f0a85">
      <Execution id="abeee42d-42ab-4777-aac0-f73c2b32d681" />
      <TestMethod codeBase="C:\Users\jerem\source\repos\LibraryProject\LibraryProjectBe\tests\LibraryProject.Application.Tests\bin\Debug\net10.0\LibraryProject.Application.Tests.dll" adapterTypeName="executor://xunit/VsTestRunner3/netcore/" className="LibraryProject.Application.Tests.Domain.ReservationEntityTests" name="Cancel_should_throw_when_not_active" />
    </UnitTest>
    <UnitTest name="LibraryProject.Application.Tests.Authentication.AuthenticationServiceTests+LoginAsync.Should_throw_when_user_not_found" storage="c:\users\jerem\source\repos\libraryproject\libraryprojectbe\tests\libraryproject.application.tests\bin\debug\net10.0\libraryproject.application.tests.dll" id="2f8e0640-55aa-2fb8-780e-df7a0f91240c">
      <Execution id="0c4a0f2b-b879-4c27-9682-fa9f3662fe68" />
      <TestMethod codeBase="C:\Users\jerem\source\repos\LibraryProject\LibraryProjectBe\tests\LibraryProject.Application.Tests\bin\Debug\net10.0\LibraryProject.Application.Tests.dll" adapterTypeName="executor://xunit/VsTestRunner3/netcore/" className="LibraryProject.Application.Tests.Authentication.AuthenticationServiceTests+LoginAsync" name="Should_throw_when_user_not_found" />
    </UnitTest>
    <UnitTest name="LibraryProject.Application.Tests.Books.BookServiceTests+CreateAsync.Should_throw_when_isbn_already_exists" storage="c:\users\jerem\source\repos\libraryproject\libraryprojectbe\tests\libraryproject.application.tests\bin\debug\net10.0\libraryproject.application.tests.dll" id="12254b7c-fd90-3e3b-4fad-9bcae64fd69d">
      <Execution id="ea2c40e9-c71a-4bdc-8c23-c408f976079b" />
      <TestMethod codeBase="C:\Users\jerem\source\repos\LibraryProject\LibraryProjectBe\tests\LibraryProject.Application.Tests\bin\Debug\net10.0\LibraryProject.Application.Tests.dll" adapterTypeName="executor://xunit/VsTestRunner3/netcore/" className="LibraryProject.Application.Tests.Books.BookServiceTests+CreateAsync" name="Should_throw_when_isbn_already_exists" />
    </UnitTest>
    <UnitTest name="LibraryProject.Application.Tests.Domain.BookCopyEntityTests.MakeAvailable_should_change_status_to_available" storage="c:\users\jerem\source\repos\libraryproject\libraryprojectbe\tests\libraryproject.application.tests\bin\debug\net10.0\libraryproject.application.tests.dll" id="be556e1f-8c93-64eb-4cbb-713e25444c17">
      <Execution id="3251204f-d0df-443c-8146-e31f5881f297" />
      <TestMethod codeBase="C:\Users\jerem\source\repos\LibraryProject\LibraryProjectBe\tests\LibraryProject.Application.Tests\bin\Debug\net10.0\LibraryProject.Application.Tests.dll" adapterTypeName="executor://xunit/VsTestRunner3/netcore/" className="LibraryProject.Application.Tests.Domain.BookCopyEntityTests" name="MakeAvailable_should_change_status_to_available" />
    </UnitTest>
    <UnitTest name="LibraryProject.Application.Tests.Loans.LoanServiceTests+GetMyLoansAsync.Should_return_empty_when_no_loans" storage="c:\users\jerem\source\repos\libraryproject\libraryprojectbe\tests\libraryproject.application.tests\bin\debug\net10.0\libraryproject.application.tests.dll" id="a2928138-37b8-71c0-687b-12b054e170c3">
      <Execution id="fced4f17-9bcb-4078-9df2-43e3f9527371" />
      <TestMethod codeBase="C:\Users\jerem\source\repos\LibraryProject\LibraryProjectBe\tests\LibraryProject.Application.Tests\bin\Debug\net10.0\LibraryProject.Application.Tests.dll" adapterTypeName="executor://xunit/VsTestRunner3/netcore/" className="LibraryProject.Application.Tests.Loans.LoanServiceTests+GetMyLoansAsync" name="Should_return_empty_when_no_loans" />
    </UnitTest>
    <UnitTest name="LibraryProject.Application.Tests.Books.BookServiceTests+CreateAsync.Should_throw_when_inventory_numbers_are_empty" storage="c:\users\jerem\source\repos\libraryproject\libraryprojectbe\tests\libraryproject.application.tests\bin\debug\net10.0\libraryproject.application.tests.dll" id="e29fef7d-2ef5-9493-b486-f4469d696640">
      <Execution id="a5d892cc-1e6d-4cbf-90a5-835210201271" />
      <TestMethod codeBase="C:\Users\jerem\source\repos\LibraryProject\LibraryProjectBe\tests\LibraryProject.Application.Tests\bin\Debug\net10.0\LibraryProject.Application.Tests.dll" adapterTypeName="executor://xunit/VsTestRunner3/netcore/" className="LibraryProject.Application.Tests.Books.BookServiceTests+CreateAsync" name="Should_throw_when_inventory_numbers_are_empty" />
    </UnitTest>
    <UnitTest name="LibraryProject.Application.Tests.Domain.CategoryEntityTests.Create_should_throw_when_name_is_null" storage="c:\users\jerem\source\repos\libraryproject\libraryprojectbe\tests\libraryproject.application.tests\bin\debug\net10.0\libraryproject.application.tests.dll" id="8f673bad-fa08-3b03-459c-01e0ea0db429">
      <Execution id="1b07b7fa-5118-447b-bfec-1803d051ac02" />
      <TestMethod codeBase="C:\Users\jerem\source\repos\LibraryProject\LibraryProjectBe\tests\LibraryProject.Application.Tests\bin\Debug\net10.0\LibraryProject.Application.Tests.dll" adapterTypeName="executor://xunit/VsTestRunner3/netcore/" className="LibraryProject.Application.Tests.Domain.CategoryEntityTests" name="Create_should_throw_when_name_is_null" />
    </UnitTest>
    <UnitTest name="LibraryProject.Application.Tests.Domain.IsbnValueObjectTests.ToString_should_return_value" storage="c:\users\jerem\source\repos\libraryproject\libraryprojectbe\tests\libraryproject.application.tests\bin\debug\net10.0\libraryproject.application.tests.dll" id="27aeb97a-db6c-0776-8f02-4b1bf1909dca">
      <Execution id="26ebe9d8-ba23-4627-859e-ba43425d9d5a" />
      <TestMethod codeBase="C:\Users\jerem\source\repos\LibraryProject\LibraryProjectBe\tests\LibraryProject.Application.Tests\bin\Debug\net10.0\LibraryProject.Application.Tests.dll" adapterTypeName="executor://xunit/VsTestRunner3/netcore/" className="LibraryProject.Application.Tests.Domain.IsbnValueObjectTests" name="ToString_should_return_value" />
    </UnitTest>
    <UnitTest name="LibraryProject.Application.Tests.Books.BookServiceTests+DeleteAsync.Should_soft_delete_book" storage="c:\users\jerem\source\repos\libraryproject\libraryprojectbe\tests\libraryproject.application.tests\bin\debug\net10.0\libraryproject.application.tests.dll" id="f9a0f622-6334-ec23-67ff-a85785244d80">
      <Execution id="e59e193e-a5ad-40eb-8daa-dc34165f3a03" />
      <TestMethod codeBase="C:\Users\jerem\source\repos\LibraryProject\LibraryProjectBe\tests\LibraryProject.Application.Tests\bin\Debug\net10.0\LibraryProject.Application.Tests.dll" adapterTypeName="executor://xunit/VsTestRunner3/netcore/" className="LibraryProject.Application.Tests.Books.BookServiceTests+DeleteAsync" name="Should_soft_delete_book" />
    </UnitTest>
    <UnitTest name="LibraryProject.Application.Tests.Books.BookServiceTests+CreateAsync.Should_create_book_without_copies" storage="c:\users\jerem\source\repos\libraryproject\libraryprojectbe\tests\libraryproject.application.tests\bin\debug\net10.0\libraryproject.application.tests.dll" id="d0eea099-b3de-7b57-0cfc-2de0f4cc3c81">
      <Execution id="fa5c24fa-792c-41da-9610-66cc8fff4aed" />
      <TestMethod codeBase="C:\Users\jerem\source\repos\LibraryProject\LibraryProjectBe\tests\LibraryProject.Application.Tests\bin\Debug\net10.0\LibraryProject.Application.Tests.dll" adapterTypeName="executor://xunit/VsTestRunner3/netcore/" className="LibraryProject.Application.Tests.Books.BookServiceTests+CreateAsync" name="Should_create_book_without_copies" />
    </UnitTest>
    <UnitTest name="LibraryProject.Application.Tests.Books.BookServiceTests+GetByIdAsync.Should_return_book_when_found" storage="c:\users\jerem\source\repos\libraryproject\libraryprojectbe\tests\libraryproject.application.tests\bin\debug\net10.0\libraryproject.application.tests.dll" id="026657a1-625e-267a-43ab-c2a15c45bcc6">
      <Execution id="f50ce410-3add-4516-8de5-3d8937a522fc" />
      <TestMethod codeBase="C:\Users\jerem\source\repos\LibraryProject\LibraryProjectBe\tests\LibraryProject.Application.Tests\bin\Debug\net10.0\LibraryProject.Application.Tests.dll" adapterTypeName="executor://xunit/VsTestRunner3/netcore/" className="LibraryProject.Application.Tests.Books.BookServiceTests+GetByIdAsync" name="Should_return_book_when_found" />
    </UnitTest>
    <UnitTest name="LibraryProject.Application.Tests.Reservations.ReservationServiceTests+GetByIdAsync.Should_throw_when_reservation_not_found" storage="c:\users\jerem\source\repos\libraryproject\libraryprojectbe\tests\libraryproject.application.tests\bin\debug\net10.0\libraryproject.application.tests.dll" id="62dff2b8-a098-b9c6-f1c4-19510b69ce89">
      <Execution id="cf6e7a1d-a4f5-4c52-bf54-876845e8b9e8" />
      <TestMethod codeBase="C:\Users\jerem\source\repos\LibraryProject\LibraryProjectBe\tests\LibraryProject.Application.Tests\bin\Debug\net10.0\LibraryProject.Application.Tests.dll" adapterTypeName="executor://xunit/VsTestRunner3/netcore/" className="LibraryProject.Application.Tests.Reservations.ReservationServiceTests+GetByIdAsync" name="Should_throw_when_reservation_not_found" />
    </UnitTest>
    <UnitTest name="LibraryProject.Application.Tests.Common.DomainOperationTests.Execute_with_func_should_wrap_DomainException_into_DomainRuleViolationException" storage="c:\users\jerem\source\repos\libraryproject\libraryprojectbe\tests\libraryproject.application.tests\bin\debug\net10.0\libraryproject.application.tests.dll" id="344c71c2-266d-683c-8f48-4701c923bc54">
      <Execution id="3a20564f-7a2d-403b-94ba-f8c4239e3641" />
      <TestMethod codeBase="C:\Users\jerem\source\repos\LibraryProject\LibraryProjectBe\tests\LibraryProject.Application.Tests\bin\Debug\net10.0\LibraryProject.Application.Tests.dll" adapterTypeName="executor://xunit/VsTestRunner3/netcore/" className="LibraryProject.Application.Tests.Common.DomainOperationTests" name="Execute_with_func_should_wrap_DomainException_into_DomainRuleViolationException" />
    </UnitTest>
[...]
      <Execution id="ee39702e-f6fb-4cc1-98fa-f6a9f3a98b59" />
      <TestMethod codeBase="C:\Users\jerem\source\repos\LibraryProject\LibraryProjectBe\tests\LibraryProject.Application.Tests\bin\Debug\net10.0\LibraryProject.Application.Tests.dll" adapterTypeName="executor://xunit/VsTestRunner3/netcore/" className="LibraryProject.Application.Tests.Common.GuardTests+Required" name="Should_throw_when_value_is_whitespace" />
    </UnitTest>
  </TestDefinitions>
  <TestEntries>
    <TestEntry testId="a00fdc67-2612-f56f-4ede-1193adf41745" executionId="11dd8d2d-74ac-4a65-87f8-d6708f3378e8" testListId="8c84fa94-04c1-424b-9868-57a2d4851a1d" />
    <TestEntry testId="408fcedd-a11a-4b0b-f3a7-ed6d6b6da68b" executionId="2d34cd9a-3de5-4ad3-b029-e394b828c0a2" testListId="8c84fa94-04c1-424b-9868-57a2d4851a1d" />
    <TestEntry testId="0a09d9e2-baff-24ef-f5f0-641b726a60da" executionId="589118a2-57c2-4db2-856b-c896b8b274f6" testListId="8c84fa94-04c1-424b-9868-57a2d4851a1d" />
    <TestEntry testId="11fdf439-0730-40e2-658d-4994e7ffe1a9" executionId="43d5ca8d-5755-4030-8680-419c39e6293b" testListId="8c84fa94-04c1-424b-9868-57a2d4851a1d" />
    <TestEntry testId="8b5051b3-9661-6ddb-0024-9c6b3439c1cd" executionId="e30bb19e-425c-4ba4-a424-7c930745a864" testListId="8c84fa94-04c1-424b-9868-57a2d4851a1d" />
    <TestEntry testId="794586b3-703a-99d1-b5e3-f29eff1a589a" executionId="a1baf4c4-278f-447f-8606-adb7663d0152" testListId="8c84fa94-04c1-424b-9868-57a2d4851a1d" />
    <TestEntry testId="17ae87d1-3f61-2f19-dbcf-41885b81eace" executionId="13c252e8-c263-412a-8181-93991780269e" testListId="8c84fa94-04c1-424b-9868-57a2d4851a1d" />
    <TestEntry testId="0f917ab9-04d8-b99c-774b-16d993e70730" executionId="d3117b4c-3dcb-4510-bf46-44e988d5e8bd" testListId="8c84fa94-04c1-424b-9868-57a2d4851a1d" />
    <TestEntry testId="ce647906-2693-f933-5789-05a867409910" executionId="c26d01a8-fad0-4c6e-9635-2016d876df33" testListId="8c84fa94-04c1-424b-9868-57a2d4851a1d" />
    <TestEntry testId="59853345-41c0-3710-4076-ae2cf5186b07" executionId="eeb80111-8c7f-41cc-b54b-a326999ad9ed" testListId="8c84fa94-04c1-424b-9868-57a2d4851a1d" />
    <TestEntry testId="185fcaf0-91f9-6a74-3efd-3e520339193e" executionId="015325b8-1cf5-46f3-90c0-59def5d6df72" testListId="8c84fa94-04c1-424b-9868-57a2d4851a1d" />
    <TestEntry testId="df7bc8e2-67e0-c7a7-8b5f-662cb9ee8072" executionId="d22efe65-1d48-43d2-8ebf-1af6cf4c7b1f" testListId="8c84fa94-04c1-424b-9868-57a2d4851a1d" />
    <TestEntry testId="cfc55173-7a56-9715-3377-bd041ce5992f" executionId="587f39f3-499f-40d3-8589-f7a8661df888" testListId="8c84fa94-04c1-424b-9868-57a2d4851a1d" />
    <TestEntry testId="62dff2b8-a098-b9c6-f1c4-19510b69ce89" executionId="cf6e7a1d-a4f5-4c52-bf54-876845e8b9e8" testListId="8c84fa94-04c1-424b-9868-57a2d4851a1d" />
    <TestEntry testId="1583c247-5cf9-933b-8125-ec24ece3d53c" executionId="20c24d88-04b3-4813-9c8d-254336b4306f" testListId="8c84fa94-04c1-424b-9868-57a2d4851a1d" />
    <TestEntry testId="a69a75df-df16-782a-140c-f5bb9f50af5d" executionId="c918140d-0900-424a-81e5-03f111d8d67f" testListId="8c84fa94-04c1-424b-9868-57a2d4851a1d" />
    <TestEntry testId="82f17e68-1157-b3b4-9c93-542b8cbb52f1" executionId="21ea46c4-15b1-424d-b67f-83fd7a818830" testListId="8c84fa94-04c1-424b-9868-57a2d4851a1d" />
    <TestEntry testId="535af7cd-6892-ddb6-fb1c-d9c484aec45a" executionId="c27cf248-ebb9-4312-9ef1-cd45af5fa876" testListId="8c84fa94-04c1-424b-9868-57a2d4851a1d" />
    <TestEntry testId="344c71c2-266d-683c-8f48-4701c923bc54" executionId="3a20564f-7a2d-403b-94ba-f8c4239e3641" testListId="8c84fa94-04c1-424b-9868-57a2d4851a1d" />
    <TestEntry testId="936d9f59-01b1-446f-7b10-9b9fb9d7212d" executionId="111f9f21-44ef-4ff8-86c5-ce935df6c1e8" testListId="8c84fa94-04c1-424b-9868-57a2d4851a1d" />
    <TestEntry testId="3870fdc8-5015-f5b9-9832-91b1e21e1327" executionId="5c7f23a8-7d58-4636-aa80-bbaf648c682d" testListId="8c84fa94-04c1-424b-9868-57a2d4851a1d" />
    <TestEntry testId="027ecf3a-d1ce-0217-0311-d30b949ac187" executionId="92e4aec9-327d-4297-8b5d-549bb9969955" testListId="8c84fa94-04c1-424b-9868-57a2d4851a1d" />
    <TestEntry testId="dc70d5b4-0313-b596-ef8d-c8d86aa247a6" executionId="5ecb77dd-c8d0-4d19-93cc-9d7e5402d9f7" testListId="8c84fa94-04c1-424b-9868-57a2d4851a1d" />
    <TestEntry testId="5078c9e5-c295-ece5-cbe9-658d0e520b62" executionId="d05c7cb2-6e7c-42a3-801e-27eaa023523b" testListId="8c84fa94-04c1-424b-9868-57a2d4851a1d" />
    <TestEntry testId="a2928138-37b8-71c0-687b-12b054e170c3" executionId="fced4f17-9bcb-4078-9df2-43e3f9527371" testListId="8c84fa94-04c1-424b-9868-57a2d4851a1d" />
    <TestEntry testId="03408107-04ae-d79d-70a0-a2d27dd5e8d7" executionId="5cf0da43-6783-476d-8ecf-0743e2c120da" testListId="8c84fa94-04c1-424b-9868-57a2d4851a1d" />
    <TestEntry testId="5e27fa8f-7855-62f6-d64c-a73a24a27078" executionId="2495ac9c-9743-4833-8a76-ea29fc5ff2e2" testListId="8c84fa94-04c1-424b-9868-57a2d4851a1d" />
    <TestEntry testId="80beff9f-1cb8-ae34-75b8-d72efe958f4f" executionId="ede7d0b1-b082-4553-9e29-3e25f5423d98" testListId="8c84fa94-04c1-424b-9868-57a2d4851a1d" />
    <TestEntry testId="52f2027e-63e4-3626-d664-fdc01825d3da" executionId="b4afcfb0-e6ba-4911-a34b-b1814b5989bd" testListId="8c84fa94-04c1-424b-9868-57a2d4851a1d" />
    <TestEntry testId="ccd18f33-9a20-96df-932c-5f974bd6d3a2" executionId="ee39702e-f6fb-4cc1-98fa-f6a9f3a98b59" testListId="8c84fa94-04c1-424b-9868-57a2d4851a1d" />
    <TestEntry testId="4061f785-3534-c477-796c-dc3286e05a13" executionId="d8b49838-1a5d-4993-bd56-efb23ff99e13" testListId="8c84fa94-04c1-424b-9868-57a2d4851a1d" />
    <TestEntry testId="5e72d6dc-4947-867f-7e55-2b8ececf47b2" executionId="5f437f42-13ee-47aa-ab81-067e35696618" testListId="8c84fa94-04c1-424b-9868-57a2d4851a1d" />
    <TestEntry testId="7d61d8ea-f955-29c7-e0fa-4551be713654" executionId="afd8490d-a6cb-4625-93ee-2d85d9209372" testListId="8c84fa94-04c1-424b-9868-57a2d4851a1d" />
    <TestEntry testId="7678f55b-c9b2-6f4e-9dfe-2f8ed3d92751" executionId="e88360cd-744b-4294-90b3-84a157e8c6c9" testListId="8c84fa94-04c1-424b-9868-57a2d4851a1d" />
    <TestEntry testId="295a36f8-8bca-b1bc-ab49-0930e7ab50d2" executionId="cb7c862c-0696-4222-9e76-15c6ee5ee4d1" testListId="8c84fa94-04c1-424b-9868-57a2d4851a1d" />
    <TestEntry testId="a34fb800-b285-6171-8812-da63da5089d3" executionId="c24ca354-49ee-4f9c-ac2d-c4680e9a7ff5" testListId="8c84fa94-04c1-424b-9868-57a2d4851a1d" />
    <TestEntry testId="7b66142c-c7db-0aa5-c70f-c1763c39a61d" executionId="fbe7d86d-54ed-4ed7-9796-530ee7fbff0d" testListId="8c84fa94-04c1-424b-9868-57a2d4851a1d" />
    <TestEntry testId="1aff0200-6566-c6e0-8625-a205d10826b2" executionId="233a147e-593e-46c6-a63f-e74254cc76e3" testListId="8c84fa94-04c1-424b-9868-57a2d4851a1d" />
    <TestEntry testId="c86ea148-5fc3-229c-dfdd-d5d3653e8604" executionId="fe5cf76c-3b02-4ffd-a37c-36b0de686b36" testListId="8c84fa94-04c1-424b-9868-57a2d4851a1d" />
    <TestEntry testId="afb036ea-ef1f-c75e-de31-7163481891d5" executionId="9e8b37d1-828c-40f2-aca5-c9afdd6864ff" testListId="8c84fa94-04c1-424b-9868-57a2d4851a1d" />
    <TestEntry testId="bcf3ecf8-c7bf-51a5-18de-9cbee85540af" executionId="e6c0e8ac-687c-4723-920a-47e1d8dcfad0" testListId="8c84fa94-04c1-424b-9868-57a2d4851a1d" />
    <TestEntry testId="351ad408-9d40-0c90-9a8c-4f236ae51e28" executionId="3e6e8dac-5a92-455e-a4ae-a1eb047e8f1e" testListId="8c84fa94-04c1-424b-9868-57a2d4851a1d" />
    <TestEntry testId="b73e628b-4706-3736-3d1f-3f520b88568a" executionId="48b2310b-b6cc-4755-a0b3-7b37122f00dd" testListId="8c84fa94-04c1-424b-9868-57a2d4851a1d" />
    <TestEntry testId="d2d4777d-c676-1156-4fd6-45b6dcf331b1" executionId="47bdf447-5b11-4356-8500-2bfc7d1fe8cc" testListId="8c84fa94-04c1-424b-9868-57a2d4851a1d" />
    <TestEntry testId="e94dd4e0-af5b-82c1-c19a-f797cabf11c5" executionId="59738827-af03-4df3-bb59-48b513204f97" testListId="8c84fa94-04c1-424b-9868-57a2d4851a1d" />
    <TestEntry testId="b30ae8e1-3e70-8977-e0bf-12e67b37f3f4" executionId="83117063-d894-47e7-b840-03d8a56d231c" testListId="8c84fa94-04c1-424b-9868-57a2d4851a1d" />
    <TestEntry testId="e3d56e1c-3cf4-29f5-fb74-bbedb63d6bda" executionId="42385d97-6050-4818-a7c7-52c9587a56ff" testListId="8c84fa94-04c1-424b-9868-57a2d4851a1d" />
    <TestEntry testId="96c44399-e117-248e-5802-e0be6d5924d8" executionId="1104d9c7-0110-4a34-aec2-3e9f75ef7771" testListId="8c84fa94-04c1-424b-9868-57a2d4851a1d" />
    <TestEntry testId="836e8b19-5236-0ea3-5bfb-84407018db66" executionId="cb3cc023-9701-4eef-b076-2c664bcd88b0" testListId="8c84fa94-04c1-424b-9868-57a2d4851a1d" />
    <TestEntry testId="1e990efc-5b3f-659d-82b8-9c971cd740a3" executionId="63f6c7fc-63b4-45b2-accc-77f752526f5e" testListId="8c84fa94-04c1-424b-9868-57a2d4851a1d" />
    <TestEntry testId="f4fd1545-999f-b067-602b-cc2801db8ad9" executionId="10c05641-6d6f-467a-9ee2-46d68f0cf2bb" testListId="8c84fa94-04c1-424b-9868-57a2d4851a1d" />
    <TestEntry testId="8f673bad-fa08-3b03-459c-01e0ea0db429" executionId="1b07b7fa-5118-447b-bfec-1803d051ac02" testListId="8c84fa94-04c1-424b-9868-57a2d4851a1d" />
    <TestEntry testId="6125c9ea-8efa-99f8-373c-29a5af12b12c" executionId="d1c679da-3927-44dc-95e1-aa8dc1f7ee26" testListId="8c84fa94-04c1-424b-9868-57a2d4851a1d" />
    <TestEntry testId="1f53ab55-bfec-b42e-bf87-c9c0644588c3" executionId="77988c64-7c4c-4228-bef4-707f187a98a3" testListId="8c84fa94-04c1-424b-9868-57a2d4851a1d" />
    <TestEntry testId="6cc4f285-fd55-5227-a560-dbde21ee061f" executionId="a3788cba-4918-4039-ae13-18ecde7c6bf7" testListId="8c84fa94-04c1-424b-9868-57a2d4851a1d" />
    <TestEntry testId="fd0e9c42-7f4b-c9b4-9df8-0d325b5cacb8" executionId="7255c9b9-edba-4b05-a9f2-885633b65738" testListId="8c84fa94-04c1-424b-9868-57a2d4851a1d" />
    <TestEntry testId="be556e1f-8c93-64eb-4cbb-713e25444c17" executionId="3251204f-d0df-443c-8146-e31f5881f297" testListId="8c84fa94-04c1-424b-9868-57a2d4851a1d" />
    <TestEntry testId="b781d3c8-2f20-aa87-10b3-89dfe994796d" executionId="b276c96d-4219-4d24-ab22-159b8b0784d5" testListId="8c84fa94-04c1-424b-9868-57a2d4851a1d" />
    <TestEntry testId="15077a26-1e2d-7482-e4c1-9f0ed4ba73ab" executionId="93e8cf92-1f6d-4e72-8f2e-5684a86efeab" testListId="8c84fa94-04c1-424b-9868-57a2d4851a1d" />
    <TestEntry testId="9096010f-4e72-b539-446a-fa5ff33465aa" executionId="a30b81bd-1a99-49e5-b88e-cdc9447fef46" testListId="8c84fa94-04c1-424b-9868-57a2d4851a1d" />
    <TestEntry testId="5cac6d9b-d802-c1f5-d781-fb89af069c9a" executionId="e47c0eee-4edc-4ef3-a5b1-f0f9991375a5" testListId="8c84fa94-04c1-424b-9868-57a2d4851a1d" />
    <TestEntry testId="475d9b35-0794-86f0-b07e-17e4e8279411" executionId="08c76dd1-9e0d-40c5-a712-a428cffd2ea0" testListId="8c84fa94-04c1-424b-9868-57a2d4851a1d" />
    <TestEntry testId="e3a11438-692c-0e8f-da0e-bce2004987a1" executionId="eadcd1ae-13cb-48cc-9c53-3a4509f5c197" testListId="8c84fa94-04c1-424b-9868-57a2d4851a1d" />
    <TestEntry testId="49bbf8c4-78d4-ef7f-31ff-e404ee446601" executionId="5c7d9619-887a-4576-bed6-928fbcc08d01" testListId="8c84fa94-04c1-424b-9868-57a2d4851a1d" />
    <TestEntry testId="27aeb97a-db6c-0776-8f02-4b1bf1909dca" executionId="26ebe9d8-ba23-4627-859e-ba43425d9d5a" testListId="8c84fa94-04c1-424b-9868-57a2d4851a1d" />
    <TestEntry testId="a67aef1b-b7ac-bf06-667e-c56c97417ea6" executionId="31678dfa-2c51-4224-b7e0-d75b1ceb0894" testListId="8c84fa94-04c1-424b-9868-57a2d4851a1d" />
    <TestEntry testId="12254b7c-fd90-3e3b-4fad-9bcae64fd69d" executionId="ea2c40e9-c71a-4bdc-8c23-c408f976079b" testListId="8c84fa94-04c1-424b-9868-57a2d4851a1d" />
    <TestEntry testId="beb2013d-35a0-db35-d85c-33e919d84a51" executionId="160c899a-5cdd-4afa-a294-175900b8e0e5" testListId="8c84fa94-04c1-424b-9868-57a2d4851a1d" />
    <TestEntry testId="492d7ea6-f4e7-1a9a-4a7e-b0e9a76ceeff" executionId="bf8e2139-e42e-4945-a4c8-2f17d1055142" testListId="8c84fa94-04c1-424b-9868-57a2d4851a1d" />
    <TestEntry testId="2692c300-2767-632d-7a0e-5a600fdf7422" executionId="e28798c4-0533-4c80-9cf1-8a1819e40af5" testListId="8c84fa94-04c1-424b-9868-57a2d4851a1d" />
    <TestEntry testId="8b190f9b-8c0d-549b-2cbd-b4df72381c00" executionId="1e1a1739-8431-406c-a880-f1eef6e8d4d1" testListId="8c84fa94-04c1-424b-9868-57a2d4851a1d" />
    <TestEntry testId="31c27f96-6f48-e2e3-20cf-9c768c388ade" executionId="d590d832-1f2e-4e61-be9f-239ae48c2784" testListId="8c84fa94-04c1-424b-9868-57a2d4851a1d" />
    <TestEntry testId="e191842c-95f4-66b1-9cd5-66131a2e7072" executionId="15f68294-352f-45b2-b4a0-168ddc6efe80" testListId="8c84fa94-04c1-424b-9868-57a2d4851a1d" />
    <TestEntry testId="e29fef7d-2ef5-9493-b486-f4469d696640" executionId="a5d892cc-1e6d-4cbf-90a5-835210201271" testListId="8c84fa94-04c1-424b-9868-57a2d4851a1d" />
    <TestEntry testId="90efd417-b9ba-0b4b-3efe-2fecc074badc" executionId="f62b2acb-11b7-4c7c-ba4c-5becb4cea987" testListId="8c84fa94-04c1-424b-9868-57a2d4851a1d" />
    <TestEntry testId="026657a1-625e-267a-43ab-c2a15c45bcc6" executionId="f50ce410-3add-4516-8de5-3d8937a522fc" testListId="8c84fa94-04c1-424b-9868-57a2d4851a1d" />
    <TestEntry testId="569524d3-dbc3-101b-d469-2ef35b213bab" executionId="0aeb40ce-bfdb-4a72-b35f-4163032fa859" testListId="8c84fa94-04c1-424b-9868-57a2d4851a1d" />
    <TestEntry testId="dee54df5-fd6d-8399-eb35-fad50242b79d" executionId="d116dc2f-aa9c-46a2-b635-3e0424099173" testListId="8c84fa94-04c1-424b-9868-57a2d4851a1d" />
    <TestEntry testId="daca397e-f1f2-e945-60c5-0096755de9e5" executionId="1ae764f6-b53b-475f-9728-f0dadbe7e658" testListId="8c84fa94-04c1-424b-9868-57a2d4851a1d" />
    <TestEntry testId="7b691a7c-0f8a-387a-fbf3-2ef4933bee6f" executionId="e02b59ce-2aca-45c2-bba6-2b1c07302a6c" testListId="8c84fa94-04c1-424b-9868-57a2d4851a1d" />
    <TestEntry testId="2fde89f5-f476-e915-2042-7f5ae529771c" executionId="ce1ddf9b-bbda-47fc-9937-551e0269cfb4" testListId="8c84fa94-04c1-424b-9868-57a2d4851a1d" />
    <TestEntry testId="a22faee4-9622-0741-5ee3-37b4f08b7d83" executionId="6ae42b36-057c-4946-8482-0a82d5078ea1" testListId="8c84fa94-04c1-424b-9868-57a2d4851a1d" />
    <TestEntry testId="c1062931-1620-ee40-71c0-23b44e24935d" executionId="4fb862da-4858-4c90-b95d-00ec35b746e5" testListId="8c84fa94-04c1-424b-9868-57a2d4851a1d" />
    <TestEntry testId="84161067-0319-fd52-0879-3ddac60b1275" executionId="b85cbdd2-3e23-41de-a6cd-0452972828a3" testListId="8c84fa94-04c1-424b-9868-57a2d4851a1d" />
    <TestEntry testId="1cfa68f8-bf60-2aee-5766-edd9a15817c9" executionId="f312676e-ce17-4e07-8c11-dfd138d95632" testListId="8c84fa94-04c1-424b-9868-57a2d4851a1d" />
    <TestEntry testId="fbada568-dcae-b44b-4818-c224b9e25b88" executionId="6a360c58-208b-445f-84fb-b49902c64d9e" testListId="8c84fa94-04c1-424b-9868-57a2d4851a1d" />
    <TestEntry testId="2f8e0640-55aa-2fb8-780e-df7a0f91240c" executionId="0c4a0f2b-b879-4c27-9682-fa9f3662fe68" testListId="8c84fa94-04c1-424b-9868-57a2d4851a1d" />
    <TestEntry testId="6e7e59a2-7106-c816-24a3-024a85ac7ee4" executionId="91fc7216-6e13-42f5-b0f1-54c36a574a74" testListId="8c84fa94-04c1-424b-9868-57a2d4851a1d" />
    <TestEntry testId="26500449-eeac-21e0-2cbc-4a15722f2188" executionId="87e31b50-e9ce-42bc-adec-7c2e2c163d84" testListId="8c84fa94-04c1-424b-9868-57a2d4851a1d" />
    <TestEntry testId="2dce8401-3527-130f-553d-94f060eb86c8" executionId="e6f6909f-b032-426a-8800-acaffad5a0c8" testListId="8c84fa94-04c1-424b-9868-57a2d4851a1d" />
    <TestEntry testId="f9a0f622-6334-ec23-67ff-a85785244d80" executionId="e59e193e-a5ad-40eb-8daa-dc34165f3a03" testListId="8c84fa94-04c1-424b-9868-57a2d4851a1d" />
    <TestEntry testId="1a2e8c1a-6745-3a7c-d9bc-7eb3725f0a85" executionId="abeee42d-42ab-4777-aac0-f73c2b32d681" testListId="8c84fa94-04c1-424b-9868-57a2d4851a1d" />
    <TestEntry testId="690bb19f-2e98-1c22-53fd-96f92e7f57bd" executionId="cdb28983-db6c-47e0-877c-85dcbde6166c" testListId="8c84fa94-04c1-424b-9868-57a2d4851a1d" />
    <TestEntry testId="b7c7e09a-e3ce-667f-91f0-18669547cc6a" executionId="22c2ffcc-a045-46e4-80ae-1f392210af3c" testListId="8c84fa94-04c1-424b-9868-57a2d4851a1d" />
    <TestEntry testId="cdd9a675-a213-40ee-aef0-b420cb767e70" executionId="8da5a2b5-1abf-4a3d-90dc-bb68cc5c75ea" testListId="8c84fa94-04c1-424b-9868-57a2d4851a1d" />
    <TestEntry testId="22463598-2917-883d-40f7-9b3b0f68fe7f" executionId="d66e6e88-6f0a-45c8-9193-50b867bf7d33" testListId="8c84fa94-04c1-424b-9868-57a2d4851a1d" />
    <TestEntry testId="ae553348-45de-8885-7195-6dddb4cce6ae" executionId="63ebaad3-9b6b-4872-82f7-351327c6a4ed" testListId="8c84fa94-04c1-424b-9868-57a2d4851a1d" />
    <TestEntry testId="3c6182d5-f2fc-c52b-7aa6-0ed348cbcfe8" executionId="4a90ea00-fe62-42ea-b2f4-3e0c94f59ba4" testListId="8c84fa94-04c1-424b-9868-57a2d4851a1d" />
    <TestEntry testId="f4b709a2-1246-984c-6570-4812c2395ad4" executionId="df88f98a-319c-4824-95fc-ca240a7ada49" testListId="8c84fa94-04c1-424b-9868-57a2d4851a1d" />
    <TestEntry testId="a9a96aa4-68f6-11f4-3397-abf5ecb94330" executionId="080ccda5-afe2-4c53-b831-a93e5daed7f9" testListId="8c84fa94-04c1-424b-9868-57a2d4851a1d" />
    <TestEntry testId="e8a2a34b-94fb-794b-aa50-b5fc40a27279" executionId="28722846-9569-47aa-8e1f-a4343856123f" testListId="8c84fa94-04c1-424b-9868-57a2d4851a1d" />
    <TestEntry testId="00c6c47e-f21b-d791-e7a8-4312ef54166b" executionId="a64c737b-8ef6-44dd-a89c-303eb837f81a" testListId="8c84fa94-04c1-424b-9868-57a2d4851a1d" />
    <TestEntry testId="2759c78b-6100-4d68-1afa-251706de3b21" executionId="8308e9bf-02b0-4316-a361-49a5164b248c" testListId="8c84fa94-04c1-424b-9868-57a2d4851a1d" />
    <TestEntry testId="bda41400-813f-0a1d-05c9-f19efb05a621" executionId="caaac869-40ab-4820-9ef9-0ad5be0beef7" testListId="8c84fa94-04c1-424b-9868-57a2d4851a1d" />
    <TestEntry testId="4ab5ce11-6c54-50b5-4cb6-dba679836b4f" executionId="3e2b3bf0-4c64-454d-82c5-32054cd4179f" testListId="8c84fa94-04c1-424b-9868-57a2d4851a1d" />
    <TestEntry testId="8dd76332-ba44-c64d-e483-2ef1d989874f" executionId="0b78840a-053f-4e83-b1de-1f9149243834" testListId="8c84fa94-04c1-424b-9868-57a2d4851a1d" />
    <TestEntry testId="1d596615-8821-2f51-8851-d6cc355034fa" executionId="df40b98f-f654-4740-b381-f2a6d8b60c97" testListId="8c84fa94-04c1-424b-9868-57a2d4851a1d" />
    <TestEntry testId="d0eea099-b3de-7b57-0cfc-2de0f4cc3c81" executionId="fa5c24fa-792c-41da-9610-66cc8fff4aed" testListId="8c84fa94-04c1-424b-9868-57a2d4851a1d" />
    <TestEntry testId="fdd136c4-cbac-a593-9b91-cc6414fa8414" executionId="3597ac07-33d2-4639-83fa-bad0fbf13a77" testListId="8c84fa94-04c1-424b-9868-57a2d4851a1d" />
    <TestEntry testId="d219c20a-10c6-176c-f32f-0c3a4a412d76" executionId="492d9c9b-dd1d-420a-9d13-d3565bbe26d4" testListId="8c84fa94-04c1-424b-9868-57a2d4851a1d" />
    <TestEntry testId="f76c68d6-11ea-5796-a56e-88a5185df07a" executionId="0600e131-55a6-4b5b-829f-f7d591ef77a7" testListId="8c84fa94-04c1-424b-9868-57a2d4851a1d" />
  </TestEntries>
  <TestLists>
    <TestList name="Results Not in a List" id="8c84fa94-04c1-424b-9868-57a2d4851a1d" />
    <TestList name="All Loaded Results" id="19431567-8539-422a-85d7-44ee4e166bda" />
  </TestLists>
  <ResultSummary outcome="Completed">
    <Counters total="111" executed="111" passed="111" failed="0" error="0" timeout="0" aborted="0" inconclusive="0" passedButRunAborted="0" notRunnable="0" notExecuted="0" disconnected="0" warning="0" completed="0" inProgress="0" pending="0" />
    <Output>
      <StdOut>[xUnit.net 00:00:00.00] xUnit.net VSTest Adapter v3.0.2+dd36e86129 (64-bit .NET 10.0.8)&#xD;
[xUnit.net 00:00:00.10]   Discovering: LibraryProject.Application.Tests&#xD;
[xUnit.net 00:00:00.16]   Discovered:  LibraryProject.Application.Tests&#xD;
[xUnit.net 00:00:00.19]   Starting:    LibraryProject.Application.Tests&#xD;
[xUnit.net 00:00:00.45]   Finished:    LibraryProject.Application.Tests&#xD;
</StdOut>
    </Output>
  </ResultSummary>
</TestRun>